0: 0: 0: 0: 115  282  126
1: 1: 1: 1: 142  267  118
2: 2: 2: 2: 118  275  136
3: 3: 3: 3: 128  259  137
4: 4: 4: 4: 129  272  112
5: 5: 5: 5: 130  287  100
6: 6: 6: 6: 137  270  129
7: 7: 7: 7: 123  279  131
8: 8: 8: 8: 135  280  105
9: 9: 9: 9: 120  242  133
10: 10: 10: 10: 131  249  142
11: 11: 11: 11: 105  261  123
12: 12: 12: 12: 133  285  107
13: 13: 13: 13: 138  273  125
14: 14: 14: 14: 139  274  109
15: 15: 15: 15: 140  283   96
16: 16: 16: 16: 102  271  111
17: 17: 17: 17: 112  281  138
18: 18: 18: 18: 125  256  115
19: 19: 19: 19: 109  244  140
20: 20: 20: 20: 136  286  117
21: 21: 21: 21: 98  250  141
22: 22: 22: 22: 106  251  119
23: 23: 23: 23: 134  252  104
24: 24: 24: 24: 117  262  135
25: 25: 25: 25: 141  263  120
26: 26: 26: 26: 119  276   98
27: 27: 27: 27: 104  260  122
28: 28: 28: 28: 143  284   99
29: 29: 29: 29: 113  246  124
30: 30: 30: 30: 114  257  101
31: 31: 31: 31: 126  269  128
32: 32: 32: 32: 96  253  143
33: 33: 33: 33: 99  240  130
34: 34: 34: 34: 124  255  114
35: 35: 35: 35: 107  264  132
36: 36: 36: 36: 108  265  116
37: 37: 37: 37: 121  266   97
38: 38: 38: 38: 132  277  106
39: 39: 39: 39: 116  241  134
40: 40: 40: 40: 97  247  108
41: 41: 41: 41: 127  258  110
42: 42: 42: 42: 100  243  139
43: 43: 43: 43: 101  268  127
44: 44: 44: 44: 110  245  102
45: 45: 45: 45: 122  278  103
46: 46: 46: 46: 103  248  121
47: 47: 47: 47: 111  254  113
48: 48: 48: 48: 140  339  173
49: 49: 49: 49: 121  356  179
50: 50: 50: 50: 119  360  190
51: 51: 51: 51: 143  340  174
52: 52: 52: 52: 130  349  185
53: 53: 53: 53: 114  350  147
54: 54: 54: 54: 110  353  176
55: 55: 55: 55: 122  337  153
56: 56: 56: 56: 134  343  165
57: 57: 57: 57: 135  371  189
58: 58: 58: 58: 132  338  171
59: 59: 59: 59: 133  346  183
60: 60: 60: 60: 97  374  168
61: 61: 61: 61: 139  336  160
62: 62: 62: 62: 127  351  148
63: 63: 63: 63: 102  364  157
64: 64: 64: 64: 129  365  158
65: 65: 65: 65: 111  354  177
66: 66: 66: 66: 124  367  186
67: 67: 67: 67: 125  368  187
68: 68: 68: 68: 108  344  166
69: 69: 69: 69: 136  345  167
70: 70: 70: 70: 142  357  180
71: 71: 71: 71: 106  381  164
72: 72: 72: 72: 141  347  184
73: 73: 73: 73: 103  348  146
74: 74: 74: 74: 104  361  154
75: 75: 75: 75: 105  382  182
76: 76: 76: 76: 113  341  144
77: 77: 77: 77: 138  366  159
78: 78: 78: 78: 115  377  172
79: 79: 79: 79: 101  342  163
80: 80: 80: 80: 126  369  188
81: 81: 81: 81: 137  378  191
82: 82: 82: 82: 99  379  161
83: 83: 83: 83: 123  358  181
84: 84: 84: 84: 107  359  145
85: 85: 85: 85: 120  372  151
86: 86: 86: 86: 116  362  155
87: 87: 87: 87: 117  363  156
88: 88: 88: 88: 118  375  169
89: 89: 89: 89: 128  352  149
90: 90: 90: 90: 112  355  178
91: 91: 91: 91: 100  380  162
92: 92: 92: 92: 109  383  175
93: 93: 93: 93: 98  373  152
94: 94: 94: 94: 131  376  170
95: 95: 95: 95: 96  370  150
96: 96: 96: 96: 15   32   95
97: 97: 97: 97: 37   40   60
98: 98: 98: 98: 26   21   93
99: 99: 99: 99: 28   33   82
100: 100: 100: 100: 5   42   91
101: 101: 101: 101: 30   43   79
102: 102: 102: 102: 44   16   63
103: 103: 103: 103: 45   46   73
104: 104: 104: 104: 23   27   74
105: 105: 105: 105: 8   11   75
106: 106: 106: 106: 38   22   71
107: 107: 107: 107: 12   35   84
108: 108: 108: 108: 40   36   68
109: 109: 109: 109: 14   19   92
110: 110: 110: 110: 41   44   54
111: 111: 111: 111: 16   47   65
112: 112: 112: 112: 4   17   90
113: 113: 113: 113: 47   29   76
114: 114: 114: 114: 34   30   53
115: 115: 115: 115: 18    0   78
116: 116: 116: 116: 36   39   86
117: 117: 117: 117: 20   24   87
118: 118: 118: 118: 1    2   88
119: 119: 119: 119: 22   26   50
120: 120: 120: 120: 25    9   85
121: 121: 121: 121: 46   37   49
122: 122: 122: 122: 27   45   55
123: 123: 123: 123: 11    7   83
124: 124: 124: 124: 29   34   66
125: 125: 125: 125: 13   18   67
126: 126: 126: 126: 0   31   80
127: 127: 127: 127: 43   41   62
128: 128: 128: 128: 31    3   89
129: 129: 129: 129: 6    4   64
130: 130: 130: 130: 33    5   52
131: 131: 131: 131: 7   10   94
132: 132: 132: 132: 35   38   58
133: 133: 133: 133: 9   12   59
134: 134: 134: 134: 39   23   56
135: 135: 135: 135: 24    8   57
136: 136: 136: 136: 2   20   69
137: 137: 137: 137: 3    6   81
138: 138: 138: 138: 17   13   77
139: 139: 139: 139: 42   14   61
140: 140: 140: 140: 19   15   48
141: 141: 141: 141: 21   25   72
142: 142: 142: 142: 10    1   70
143: 143: 143: 143: 32   28   51
144: 144: 144: 144: 261   76  199
145: 145: 145: 145: 269   84  195
146: 146: 146: 146: 282   73  223
147: 147: 147: 147: 262   53  200
148: 148: 148: 148: 275   62  212
149: 149: 149: 149: 276   89  213
150: 150: 150: 150: 286   95  216
151: 151: 151: 151: 270   85  196
152: 152: 152: 152: 281   93  205
153: 153: 153: 153: 243   55  206
154: 154: 154: 154: 259   74  198
155: 155: 155: 155: 272   86  209
156: 156: 156: 156: 287   87  234
157: 157: 157: 157: 249   63  193
158: 158: 158: 158: 277   64  214
159: 159: 159: 159: 285   77  227
160: 160: 160: 160: 247   61  228
161: 161: 161: 161: 267   82  194
162: 162: 162: 162: 279   91  202
163: 163: 163: 163: 264   79  230
164: 164: 164: 164: 256   71  192
165: 165: 165: 165: 244   56  207
166: 166: 166: 166: 253   68  220
167: 167: 167: 167: 254   69  221
168: 168: 168: 168: 273   60  210
169: 169: 169: 169: 274   88  211
170: 170: 170: 170: 283   94  224
171: 171: 171: 171: 271   58  239
172: 172: 172: 172: 263   78  201
173: 173: 173: 173: 248   48  229
174: 174: 174: 174: 260   51  237
175: 175: 175: 175: 280   92  203
176: 176: 176: 176: 242   54  204
177: 177: 177: 177: 250   65  217
178: 178: 178: 178: 278   90  238
179: 179: 179: 179: 240   49  197
180: 180: 180: 180: 255   70  222
181: 181: 181: 181: 268   83  233
182: 182: 182: 182: 284   75  225
183: 183: 183: 183: 246   59  226
184: 184: 184: 184: 257   72  235
185: 185: 185: 185: 241   52  215
186: 186: 186: 186: 251   66  218
187: 187: 187: 187: 252   67  219
188: 188: 188: 188: 265   80  231
189: 189: 189: 189: 245   57  208
190: 190: 190: 190: 258   50  236
191: 191: 191: 191: 266   81  232
192: 192: 192: 192: 312  164  362
193: 193: 193: 193: 306  157  383
194: 194: 194: 194: 301  161  341
195: 195: 195: 195: 290  145  374
196: 196: 196: 196: 298  151  348
197: 197: 197: 197: 326  179  376
198: 198: 198: 198: 289  154  381
199: 199: 199: 199: 319  144  370
200: 200: 200: 200: 294  147  379
201: 201: 201: 201: 321  172  367
202: 202: 202: 202: 288  162  350
203: 203: 203: 203: 291  175  351
204: 204: 204: 204: 316  176  352
205: 205: 205: 205: 299  152  361
206: 206: 206: 206: 300  153  382
207: 207: 207: 207: 313  165  363
208: 208: 208: 208: 334  189  347
209: 209: 209: 209: 295  155  359
210: 210: 210: 210: 296  168  372
211: 211: 211: 211: 297  169  356
212: 212: 212: 212: 305  148  380
213: 213: 213: 213: 330  149  342
214: 214: 214: 214: 307  158  353
215: 215: 215: 215: 332  185  378
216: 216: 216: 216: 292  150  364
217: 217: 217: 217: 293  177  365
218: 218: 218: 218: 302  186  366
219: 219: 219: 219: 329  187  336
220: 220: 220: 220: 314  166  375
221: 221: 221: 221: 315  167  360
222: 222: 222: 222: 327  180  338
223: 223: 223: 223: 308  146  373
224: 224: 224: 224: 309  170  337
225: 225: 225: 225: 310  182  343
226: 226: 226: 226: 311  183  371
227: 227: 227: 227: 320  159  354
228: 228: 228: 228: 335  160  355
229: 229: 229: 229: 322  173  368
230: 230: 230: 230: 303  163  377
231: 231: 231: 231: 304  188  339
232: 232: 232: 232: 317  191  340
233: 233: 233: 233: 328  181  346
234: 234: 234: 234: 323  156  344
235: 235: 235: 235: 324  184  345
236: 236: 236: 236: 325  190  357
237: 237: 237: 237: 331  174  369
238: 238: 238: 238: 318  178  349
239: 239: 239: 239: 333  171  358
240: 240: 240: 240: 179   33  289
241: 241: 241: 241: 185   39  292
242: 242: 242: 242: 176    9  294
243: 243: 243: 243: 153   42  295
244: 244: 244: 244: 165   19  296
245: 245: 245: 245: 189   44  297
246: 246: 246: 246: 183   29  299
247: 247: 247: 247: 160   40  301
248: 248: 248: 248: 173   46  288
249: 249: 249: 249: 157   10  303
250: 250: 250: 250: 177   21  305
251: 251: 251: 251: 186   22  306
252: 252: 252: 252: 187   23  307
253: 253: 253: 253: 166   32  308
254: 254: 254: 254: 167   47  309
255: 255: 255: 255: 180   34  310
256: 256: 256: 256: 164   18  311
257: 257: 257: 257: 184   30  312
258: 258: 258: 258: 190   41  290
259: 259: 259: 259: 154    3  314
260: 260: 260: 260: 174   27  291
261: 261: 261: 261: 144   11  316
262: 262: 262: 262: 147   24  293
263: 263: 263: 263: 172   25  318
264: 264: 264: 264: 163   35  319
265: 265: 265: 265: 188   36  320
266: 266: 266: 266: 191   37  321
267: 267: 267: 267: 161    1  322
268: 268: 268: 268: 181   43  323
269: 269: 269: 269: 145   31  324
270: 270: 270: 270: 151    6  325
271: 271: 271: 271: 171   16  298
272: 272: 272: 272: 155    4  326
273: 273: 273: 273: 168   13  300
274: 274: 274: 274: 169   14  328
275: 275: 275: 275: 148    2  302
276: 276: 276: 276: 149   26  329
277: 277: 277: 277: 158   38  304
278: 278: 278: 278: 178   45  330
279: 279: 279: 279: 162    7  331
280: 280: 280: 280: 175    8  332
281: 281: 281: 281: 152   17  333
282: 282: 282: 282: 146    0  313
283: 283: 283: 283: 170   15  334
284: 284: 284: 284: 182   28  315
285: 285: 285: 285: 159   12  317
286: 286: 286: 286: 150   20  335
287: 287: 287: 287: 156    5  327
288: 288: 288: 288: 202  248  360
289: 289: 289: 289: 198  240  354
290: 290: 290: 290: 195  258  349
291: 291: 291: 291: 203  260  338
292: 292: 292: 292: 216  241  346
293: 293: 293: 293: 217  262  374
294: 294: 294: 294: 200  242  337
295: 295: 295: 295: 209  243  367
296: 296: 296: 296: 210  244  342
297: 297: 297: 297: 211  245  369
298: 298: 298: 298: 196  271  336
299: 299: 299: 299: 205  246  339
300: 300: 300: 300: 206  273  364
301: 301: 301: 301: 194  247  347
302: 302: 302: 302: 218  275  348
303: 303: 303: 303: 230  249  361
304: 304: 304: 304: 231  277  382
305: 305: 305: 305: 212  250  343
306: 306: 306: 306: 193  251  344
307: 307: 307: 307: 214  252  345
308: 308: 308: 308: 223  253  353
309: 309: 309: 309: 224  254  378
310: 310: 310: 310: 225  255  355
311: 311: 311: 311: 226  256  380
312: 312: 312: 312: 192  257  340
313: 313: 313: 313: 207  282  341
314: 314: 314: 314: 220  259  350
315: 315: 315: 315: 221  284  377
316: 316: 316: 316: 204  261  362
317: 317: 317: 317: 232  285  363
318: 318: 318: 318: 238  263  375
319: 319: 319: 319: 199  264  356
320: 320: 320: 320: 227  265  357
321: 321: 321: 321: 201  266  358
322: 322: 322: 322: 229  267  359
323: 323: 323: 323: 234  268  368
324: 324: 324: 324: 235  269  383
325: 325: 325: 325: 236  270  370
326: 326: 326: 326: 197  272  351
327: 327: 327: 327: 222  287  352
328: 328: 328: 328: 233  274  365
329: 329: 329: 329: 219  276  376
330: 330: 330: 330: 213  278  371
331: 331: 331: 331: 237  279  372
332: 332: 332: 332: 215  280  373
333: 333: 333: 333: 239  281  379
334: 334: 334: 334: 208  283  366
335: 335: 335: 335: 228  286  381
336: 336: 336: 336: 298   61  219
337: 337: 337: 337: 294   55  224
338: 338: 338: 338: 291   58  222
339: 339: 339: 339: 299   48  231
340: 340: 340: 340: 312   51  232
341: 341: 341: 341: 313   76  194
342: 342: 342: 342: 296   79  213
343: 343: 343: 343: 305   56  225
344: 344: 344: 344: 306   68  234
345: 345: 345: 345: 307   69  235
346: 346: 346: 346: 292   59  233
347: 347: 347: 347: 301   72  208
348: 348: 348: 348: 302   73  196
349: 349: 349: 349: 290   52  238
350: 350: 350: 350: 314   53  202
351: 351: 351: 351: 326   62  203
352: 352: 352: 352: 327   89  204
353: 353: 353: 353: 308   54  214
354: 354: 354: 354: 289   65  227
355: 355: 355: 355: 310   90  228
356: 356: 356: 356: 319   49  211
357: 357: 357: 357: 320   70  236
358: 358: 358: 358: 321   83  239
359: 359: 359: 359: 322   84  209
360: 360: 360: 360: 288   50  221
361: 361: 361: 361: 303   74  205
362: 362: 362: 362: 316   86  192
363: 363: 363: 363: 317   87  207
364: 364: 364: 364: 300   63  216
365: 365: 365: 365: 328   64  217
366: 366: 366: 366: 334   77  218
367: 367: 367: 367: 295   66  201
368: 368: 368: 368: 323   67  229
369: 369: 369: 369: 297   80  237
370: 370: 370: 370: 325   95  199
371: 371: 371: 371: 330   57  226
372: 372: 372: 372: 331   85  210
373: 373: 373: 373: 332   93  223
374: 374: 374: 374: 293   60  195
375: 375: 375: 375: 318   88  220
376: 376: 376: 376: 329   94  197
377: 377: 377: 377: 315   78  230
378: 378: 378: 378: 309   81  215
379: 379: 379: 379: 333   82  200
380: 380: 380: 380: 311   91  212
381: 381: 381: 381: 335   71  198
382: 382: 382: 382: 304   75  206
383: 383: 383: 383: 324   92  193
