1: 2 3 4
2: 1 53 54
3: 1 56 58
4: 1 55 57
5: 33 35 39
6: 34 36 40
7: 17 20 34
8: 18 19 33
9: 22 23 26
10: 21 24 25
11: 27 30 37
12: 28 29 38
13: 16 36 38
14: 15 35 37
15: 14 32 40
16: 13 31 39
17: 7 18 50
18: 8 17 49
19: 8 22 42
20: 7 21 41
21: 10 20 52
22: 9 19 51
23: 9 24 44
24: 10 23 43
25: 10 28 46
26: 9 27 45
27: 11 26 48
28: 12 25 47
29: 12 32 50
30: 11 31 49
31: 16 30 52
32: 15 29 51
33: 5 8 47
34: 6 7 48
35: 5 14 41
36: 6 13 42
37: 11 14 46
38: 12 13 45
39: 5 16 44
40: 6 15 43
41: 20 35 56
42: 19 36 55
43: 24 40 58
44: 23 39 57
45: 26 38 56
46: 25 37 55
47: 28 33 54
48: 27 34 54
49: 18 30 58
50: 17 29 57
51: 22 32 53
52: 21 31 53
53: 2 51 52
54: 2 47 48
55: 4 42 46
56: 3 41 45
57: 4 44 50
58: 3 43 49

