1: 2 3 4
2: 1 65 68
3: 1 66 67
4: 1 69 70
5: 12 13 17
6: 11 14 18
7: 9 16 20
8: 10 15 19
9: 7 42 44
10: 8 41 45
11: 6 46 48
12: 5 43 47
13: 5 29 33
14: 6 32 34
15: 8 32 36
16: 7 31 40
17: 5 30 37
18: 6 31 38
19: 8 30 35
20: 7 29 39
21: 33 46 51
22: 35 42 49
23: 38 47 49
24: 34 43 50
25: 36 44 51
26: 39 45 50
27: 40 41 52
28: 37 48 52
29: 13 20 63
30: 17 19 64
31: 16 18 64
32: 14 15 63
33: 13 21 55
34: 14 24 56
35: 19 22 62
36: 15 25 61
37: 17 28 57
38: 18 23 58
39: 20 26 60
40: 16 27 59
41: 10 27 55
42: 9 22 56
43: 12 24 59
44: 9 25 57
45: 10 26 58
46: 11 21 62
47: 12 23 61
48: 11 28 60
49: 22 23 53
50: 24 26 54
51: 21 25 54
52: 27 28 53
53: 49 52 70
54: 50 51 69
55: 33 41 65
56: 34 42 65
57: 37 44 66
58: 38 45 66
59: 40 43 67
60: 39 48 68
61: 36 47 68
62: 35 46 67
63: 29 32 70
64: 30 31 69
65: 2 55 56
66: 3 57 58
67: 3 59 62
68: 2 60 61
69: 4 54 64
70: 4 53 63

