1: 2 3 4
2: 1 53 54
3: 1 55 58
4: 1 56 57
5: 23 24 35
6: 28 34 40
7: 33 38 39
8: 16 30 35
9: 16 31 38
10: 14 36 40
11: 13 37 39
12: 15 36 37
13: 11 25 26
14: 10 27 29
15: 12 16 32
16: 8 9 15
17: 20 34 47
18: 19 30 50
19: 18 33 48
20: 17 31 52
21: 22 29 49
22: 21 32 51
23: 5 27 43
24: 5 26 51
25: 13 28 50
26: 13 24 45
27: 14 23 52
28: 6 25 42
29: 14 21 46
30: 8 18 46
31: 9 20 45
32: 15 22 42
33: 7 19 43
34: 6 17 44
35: 5 8 44
36: 10 12 48
37: 11 12 47
38: 7 9 41
39: 7 11 49
40: 6 10 41
41: 38 40 57
42: 28 32 54
43: 23 33 54
44: 34 35 58
45: 26 31 55
46: 29 30 53
47: 17 37 53
48: 19 36 55
49: 21 39 58
50: 18 25 56
51: 22 24 57
52: 20 27 56
53: 2 46 47
54: 2 42 43
55: 3 45 48
56: 4 50 52
57: 4 41 51
58: 3 44 49