1: 2 3 4
2: 1 53 55
3: 1 54 56
4: 1 57 58
5: 16 36 40
6: 14 34 40
7: 13 35 37
8: 15 33 39
9: 11 12 32
10: 11 16 38
11: 9 10 29
12: 9 14 30
13: 7 15 28
14: 6 12 39
15: 8 13 38
16: 5 10 31
17: 18 33 42
18: 17 19 43
19: 18 23 50
20: 21 34 44
21: 20 22 45
22: 21 32 52
23: 19 36 45
24: 25 31 46
25: 24 27 47
26: 29 35 51
27: 25 28 50
28: 13 27 41
29: 11 26 42
30: 12 37 43
31: 16 24 49
32: 9 22 47
33: 8 17 52
34: 6 20 51
35: 7 26 48
36: 5 23 48
37: 7 30 49
38: 10 15 44
39: 8 14 46
40: 5 6 41
41: 28 40 53
42: 17 29 53
43: 18 30 54
44: 20 38 54
45: 21 23 55
46: 24 39 55
47: 25 32 56
48: 35 36 56
49: 31 37 57
50: 19 27 58
51: 26 34 58
52: 22 33 57
53: 2 41 42
54: 3 43 44
55: 2 45 46
56: 3 47 48
57: 4 49 52
58: 4 50 51

