1: 2 3 4
2: 1 53 58
3: 1 54 57
4: 1 55 56
5: 13 33 39
6: 14 36 40
7: 15 35 40
8: 16 34 39
9: 12 16 30
10: 11 13 29
11: 10 15 31
12: 9 14 32
13: 5 10 37
14: 6 12 37
15: 7 11 38
16: 8 9 38
17: 20 22 42
18: 19 21 41
19: 18 33 51
20: 17 34 52
21: 18 36 50
22: 17 35 49
23: 27 28 44
24: 25 26 43
25: 24 29 46
26: 24 30 45
27: 23 31 47
28: 23 32 48
29: 10 25 50
30: 9 26 49
31: 11 27 52
32: 12 28 51
33: 5 19 45
34: 8 20 46
35: 7 22 48
36: 6 21 47
37: 13 14 42
38: 15 16 41
39: 5 8 44
40: 6 7 43
41: 18 38 53
42: 17 37 53
43: 24 40 58
44: 23 39 58
45: 26 33 55
46: 25 34 54
47: 27 36 57
48: 28 35 56
49: 22 30 57
50: 21 29 56
51: 19 32 54
52: 20 31 55
53: 2 41 42
54: 3 46 51
55: 4 45 52
56: 4 48 50
57: 3 47 49
58: 2 43 44

