1: 2 3 4
2: 1 53 54
3: 1 55 58
4: 1 56 57
5: 23 26 40
6: 22 27 28
7: 24 30 38
8: 25 29 39
9: 16 34 39
10: 15 32 33
11: 14 37 40
12: 13 35 36
13: 12 16 31
14: 11 15 38
15: 10 14 16
16: 9 13 15
17: 19 25 41
18: 24 36 46
19: 17 20 52
20: 19 21 47
21: 20 33 43
22: 6 31 48
23: 5 34 42
24: 7 18 42
25: 8 17 45
26: 5 35 49
27: 6 32 49
28: 6 37 44
29: 8 30 51
30: 7 29 48
31: 13 22 41
32: 10 27 46
33: 10 21 51
34: 9 23 47
35: 12 26 43
36: 12 18 50
37: 11 28 50
38: 7 14 52
39: 8 9 44
40: 5 11 45
41: 17 31 53
42: 23 24 53
43: 21 35 54
44: 28 39 54
45: 25 40 55
46: 18 32 55
47: 20 34 58
48: 22 30 58
49: 26 27 56
50: 36 37 57
51: 29 33 57
52: 19 38 56
53: 2 41 42
54: 2 43 44
55: 3 45 46
56: 4 49 52
57: 4 50 51
58: 3 47 48

