1: 2 3 4
2: 1 53 54
3: 1 55 56
4: 1 57 58
5: 23 27 37
6: 24 28 38
7: 21 25 40
8: 22 26 39
9: 14 31 35
10: 13 32 36
11: 16 30 34
12: 15 29 33
13: 10 16 38
14: 9 15 37
15: 12 14 40
16: 11 13 39
17: 20 34 52
18: 19 33 52
19: 18 36 51
20: 17 35 50
21: 7 32 42
22: 8 31 42
23: 5 26 43
24: 6 25 44
25: 7 24 49
26: 8 23 48
27: 5 30 49
28: 6 29 48
29: 12 28 47
30: 11 27 47
31: 9 22 51
32: 10 21 50
33: 12 18 46
34: 11 17 45
35: 9 20 44
36: 10 19 43
37: 5 14 41
38: 6 13 41
39: 8 16 46
40: 7 15 45
41: 37 38 53
42: 21 22 54
43: 23 36 56
44: 24 35 55
45: 34 40 56
46: 33 39 55
47: 29 30 54
48: 26 28 58
49: 25 27 57
50: 20 32 58
51: 19 31 57
52: 17 18 53
53: 2 41 52
54: 2 42 47
55: 3 44 46
56: 3 43 45
57: 4 49 51
58: 4 48 50

