1: 2 3 4
2: 1 53 56
3: 1 54 58
4: 1 55 57
5: 20 22 24
6: 28 35 40
7: 32 34 35
8: 27 33 36
9: 18 34 39
10: 19 33 37
11: 21 26 32
12: 23 25 38
13: 15 31 38
14: 16 37 40
15: 13 29 36
16: 14 30 39
17: 18 29 41
18: 9 17 51
19: 10 23 41
20: 5 30 42
21: 11 31 52
22: 5 28 43
23: 12 19 45
24: 5 25 51
25: 12 24 50
26: 11 27 50
27: 8 26 47
28: 6 22 47
29: 15 17 49
30: 16 20 46
31: 13 21 43
32: 7 11 42
33: 8 10 44
34: 7 9 44
35: 6 7 45
36: 8 15 46
37: 10 14 52
38: 12 13 48
39: 9 16 48
40: 6 14 49
41: 17 19 53
42: 20 32 53
43: 22 31 54
44: 33 34 54
45: 23 35 55
46: 30 36 55
47: 27 28 56
48: 38 39 56
49: 29 40 58
50: 25 26 58
51: 18 24 57
52: 21 37 57
53: 2 41 42
54: 3 43 44
55: 4 45 46
56: 2 47 48
57: 4 51 52
58: 3 49 50

