1: 2 3 4
2: 1 53 54
3: 1 55 58
4: 1 56 57
5: 20 23 24
6: 21 33 35
7: 22 35 36
8: 32 34 38
9: 25 32 37
10: 26 33 34
11: 14 31 40
12: 13 39 40
13: 12 29 37
14: 11 30 36
15: 16 28 38
16: 15 27 39
17: 25 30 50
18: 19 31 52
19: 18 26 51
20: 5 29 42
21: 6 27 42
22: 7 24 43
23: 5 28 45
24: 5 22 46
25: 9 17 45
26: 10 19 50
27: 16 21 47
28: 15 23 52
29: 13 20 51
30: 14 17 47
31: 11 18 41
32: 8 9 41
33: 6 10 44
34: 8 10 46
35: 6 7 49
36: 7 14 48
37: 9 13 49
38: 8 15 48
39: 12 16 43
40: 11 12 44
41: 31 32 53
42: 20 21 53
43: 22 39 54
44: 33 40 55
45: 23 25 55
46: 24 34 56
47: 27 30 56
48: 36 38 58
49: 35 37 57
50: 17 26 54
51: 19 29 58
52: 18 28 57
53: 2 41 42
54: 2 43 50
55: 3 44 45
56: 4 46 47
57: 4 49 52
58: 3 48 51

