1: 2 3 4
2: 1 53 54
3: 1 55 58
4: 1 56 57
5: 32 34 38
6: 33 39 40
7: 8 30 37
8: 7 31 36
9: 15 27 35
10: 16 29 38
11: 16 25 39
12: 16 35 36
13: 15 26 37
14: 15 28 40
15: 9 13 14
16: 10 11 12
17: 33 34 46
18: 22 29 52
19: 24 28 52
20: 23 27 47
21: 22 31 48
22: 18 21 51
23: 20 24 49
24: 19 23 50
25: 11 26 48
26: 13 25 44
27: 9 20 51
28: 14 19 42
29: 10 18 43
30: 7 32 45
31: 8 21 41
32: 5 30 42
33: 6 17 49
34: 5 17 44
35: 9 12 46
36: 8 12 50
37: 7 13 43
38: 5 10 47
39: 6 11 45
40: 6 14 41
41: 31 40 54
42: 28 32 55
43: 29 37 58
44: 26 34 57
45: 30 39 56
46: 17 35 53
47: 20 38 54
48: 21 25 55
49: 23 33 58
50: 24 36 57
51: 22 27 56
52: 18 19 53
53: 2 46 52
54: 2 41 47
55: 3 42 48
56: 4 45 51
57: 4 44 50
58: 3 43 49

