1: 2 3 4
2: 1 53 56
3: 1 54 57
4: 1 55 58
5: 14 36 40
6: 16 35 38
7: 15 37 39
8: 11 15 29
9: 13 16 30
10: 12 14 31
11: 8 14 33
12: 10 16 32
13: 9 15 34
14: 5 10 11
15: 7 8 13
16: 6 9 12
17: 21 37 41
18: 22 35 42
19: 20 36 43
20: 19 38 44
21: 17 40 46
22: 18 39 45
23: 28 29 43
24: 25 30 41
25: 24 33 45
26: 27 31 42
27: 26 34 44
28: 23 32 46
29: 8 23 47
30: 9 24 48
31: 10 26 49
32: 12 28 50
33: 11 25 52
34: 13 27 51
35: 6 18 47
36: 5 19 48
37: 7 17 49
38: 6 20 52
39: 7 22 50
40: 5 21 51
41: 17 24 53
42: 18 26 54
43: 19 23 55
44: 20 27 56
45: 22 25 58
46: 21 28 57
47: 29 35 53
48: 30 36 54
49: 31 37 55
50: 32 39 56
51: 34 40 58
52: 33 38 57
53: 2 41 47
54: 3 42 48
55: 4 43 49
56: 2 44 50
57: 3 46 52
58: 4 45 51

