1: 2 3 4
2: 1 53 56
3: 1 54 55
4: 1 57 58
5: 31 32 39
6: 16 27 28
7: 15 33 38
8: 14 30 40
9: 13 37 38
10: 12 35 37
11: 15 16 40
12: 10 16 39
13: 9 14 36
14: 8 13 34
15: 7 11 29
16: 6 11 12
17: 22 23 41
18: 20 24 42
19: 23 32 43
20: 18 27 44
21: 28 34 48
22: 17 25 45
23: 17 19 49
24: 18 29 50
25: 22 33 51
26: 30 35 47
27: 6 20 52
28: 6 21 45
29: 15 24 46
30: 8 26 44
31: 5 36 46
32: 5 19 48
33: 7 25 47
34: 14 21 50
35: 10 26 49
36: 13 31 52
37: 9 10 42
38: 7 9 43
39: 5 12 51
40: 8 11 41
41: 17 40 53
42: 18 37 53
43: 19 38 54
44: 20 30 54
45: 22 28 55
46: 29 31 55
47: 26 33 56
48: 21 32 56
49: 23 35 57
50: 24 34 58
51: 25 39 58
52: 27 36 57
53: 2 41 42
54: 3 43 44
55: 3 45 46
56: 2 47 48
57: 4 49 52
58: 4 50 51

