1: 2 3 4
2: 1 121 122
3: 1 123 126
4: 1 124 125
5: 37 81 82
6: 37 83 84
7: 38 77 80
8: 38 78 79
9: 39 44 45
10: 39 46 47
11: 40 44 48
12: 43 45 50
13: 41 46 51
14: 42 47 49
15: 41 53 57
16: 43 54 57
17: 40 55 56
18: 42 52 56
19: 48 53 82
20: 51 55 84
21: 49 54 83
22: 50 52 81
23: 58 59 62
24: 58 60 61
25: 66 68 70
26: 65 68 72
27: 63 67 69
28: 64 67 71
29: 61 66 74
30: 59 63 75
31: 62 65 73
32: 60 64 76
33: 69 74 77
34: 70 75 78
35: 72 76 80
36: 71 73 79
37: 5 6 85
38: 7 8 85
39: 9 10 86
40: 11 17 107
41: 13 15 105
42: 14 18 106
43: 12 16 108
44: 9 11 97
45: 9 12 98
46: 10 13 100
47: 10 14 99
48: 11 19 101
49: 14 21 104
50: 12 22 103
51: 13 20 102
52: 18 22 93
53: 15 19 94
54: 16 21 95
55: 17 20 96
56: 17 18 88
57: 15 16 87
58: 23 24 86
59: 23 30 95
60: 24 32 94
61: 24 29 96
62: 23 31 93
63: 27 30 92
64: 28 32 89
65: 26 31 90
66: 25 29 91
67: 27 28 88
68: 25 26 87
69: 27 33 98
70: 25 34 97
71: 28 36 100
72: 26 35 99
73: 31 36 101
74: 29 33 104
75: 30 34 102
76: 32 35 103
77: 7 33 105
78: 8 34 106
79: 8 36 108
80: 7 35 107
81: 5 22 91
82: 5 19 92
83: 6 21 89
84: 6 20 90
85: 37 38 109
86: 39 58 109
87: 57 68 110
88: 56 67 110
89: 64 83 113
90: 65 84 114
91: 66 81 116
92: 63 82 115
93: 52 62 117
94: 53 60 118
95: 54 59 120
96: 55 61 119
97: 44 70 113
98: 45 69 114
99: 47 72 115
100: 46 71 116
101: 48 73 111
102: 51 75 112
103: 50 76 112
104: 49 74 111
105: 41 77 117
106: 42 78 118
107: 40 80 120
108: 43 79 119
109: 85 86 121
110: 87 88 121
111: 101 104 122
112: 102 103 122
113: 89 97 123
114: 90 98 124
115: 92 99 126
116: 91 100 125
117: 93 105 123
118: 94 106 124
119: 96 108 126
120: 95 107 125
121: 2 109 110
122: 2 111 112
123: 3 113 117
124: 4 114 118
125: 4 116 120
126: 3 115 119

