1: 2 3 4
2: 1 53 55
3: 1 54 58
4: 1 56 57
5: 25 26 39
6: 7 31 40
7: 6 29 36
8: 15 32 33
9: 16 34 35
10: 12 37 38
11: 13 30 39
12: 10 14 40
13: 11 16 27
14: 12 15 28
15: 8 14 16
16: 9 13 15
17: 26 34 41
18: 20 22 42
19: 23 27 47
20: 18 24 43
21: 24 31 46
22: 18 32 50
23: 19 37 49
24: 20 21 52
25: 5 28 51
26: 5 17 48
27: 13 19 42
28: 14 25 43
29: 7 33 44
30: 11 38 44
31: 6 21 47
32: 8 22 48
33: 8 29 49
34: 9 17 52
35: 9 36 45
36: 7 35 51
37: 10 23 45
38: 10 30 50
39: 5 11 46
40: 6 12 41
41: 17 40 53
42: 18 27 53
43: 20 28 54
44: 29 30 54
45: 35 37 55
46: 21 39 55
47: 19 31 58
48: 26 32 58
49: 23 33 56
50: 22 38 57
51: 25 36 57
52: 24 34 56
53: 2 41 42
54: 3 43 44
55: 2 45 46
56: 4 49 52
57: 4 50 51
58: 3 47 48

