1: 2 3 4
2: 1 53 56
3: 1 54 57
4: 1 55 58
5: 7 29 38
6: 8 28 40
7: 5 37 39
8: 6 27 37
9: 11 30 38
10: 12 31 32
11: 9 14 35
12: 10 15 33
13: 14 16 36
14: 11 13 40
15: 12 16 34
16: 13 15 39
17: 21 28 41
18: 19 20 42
19: 18 36 51
20: 18 26 52
21: 17 31 43
22: 29 32 49
23: 25 35 48
24: 26 30 47
25: 23 34 52
26: 20 24 50
27: 8 33 44
28: 6 17 45
29: 5 22 51
30: 9 24 44
31: 10 21 46
32: 10 22 47
33: 12 27 42
34: 15 25 45
35: 11 23 46
36: 13 19 43
37: 7 8 48
38: 5 9 41
39: 7 16 50
40: 6 14 49
41: 17 38 53
42: 18 33 53
43: 21 36 54
44: 27 30 54
45: 28 34 58
46: 31 35 55
47: 24 32 56
48: 23 37 56
49: 22 40 57
50: 26 39 55
51: 19 29 58
52: 20 25 57
53: 2 41 42
54: 3 43 44
55: 4 46 50
56: 2 47 48
57: 3 49 52
58: 4 45 51

