1: 2 3 4
2: 1 53 55
3: 1 54 58
4: 1 56 57
5: 31 32 38
6: 29 30 34
7: 27 37 40
8: 28 33 39
9: 12 26 39
10: 11 21 35
11: 10 36 38
12: 9 24 36
13: 14 20 40
14: 13 22 35
15: 16 19 23
16: 15 25 37
17: 26 34 51
18: 32 33 52
19: 15 22 41
20: 13 31 49
21: 10 28 43
22: 14 19 45
23: 15 30 48
24: 12 25 49
25: 16 24 52
26: 9 17 41
27: 7 29 42
28: 8 21 50
29: 6 27 44
30: 6 23 50
31: 5 20 51
32: 5 18 42
33: 8 18 45
34: 6 17 46
35: 10 14 46
36: 11 12 44
37: 7 16 43
38: 5 11 48
39: 8 9 47
40: 7 13 47
41: 19 26 53
42: 27 32 53
43: 21 37 58
44: 29 36 54
45: 22 33 54
46: 34 35 57
47: 39 40 56
48: 23 38 56
49: 20 24 55
50: 28 30 55
51: 17 31 58
52: 18 25 57
53: 2 41 42
54: 3 44 45
55: 2 49 50
56: 4 47 48
57: 4 46 52
58: 3 43 51

