1: 2 3 4
2: 1 53 57
3: 1 54 58
4: 1 55 56
5: 34 39 40
6: 32 33 40
7: 24 25 26
8: 16 27 36
9: 12 31 37
10: 14 23 38
11: 15 16 29
12: 9 16 39
13: 14 15 28
14: 10 13 30
15: 11 13 35
16: 8 11 12
17: 21 36 47
18: 22 38 49
19: 22 35 48
20: 21 37 50
21: 17 20 52
22: 18 19 51
23: 10 26 41
24: 7 27 42
25: 7 31 44
26: 7 23 43
27: 8 24 51
28: 13 34 44
29: 11 33 43
30: 14 32 45
31: 9 25 48
32: 6 30 46
33: 6 29 49
34: 5 28 47
35: 15 19 52
36: 8 17 45
37: 9 20 46
38: 10 18 50
39: 5 12 41
40: 5 6 42
41: 23 39 53
42: 24 40 54
43: 26 29 56
44: 25 28 57
45: 30 36 58
46: 32 37 55
47: 17 34 56
48: 19 31 58
49: 18 33 57
50: 20 38 54
51: 22 27 55
52: 21 35 53
53: 2 41 52
54: 3 42 50
55: 4 46 51
56: 4 43 47
57: 2 44 49
58: 3 45 48

