1: 2 3 4
2: 1 23 26
3: 1 24 28
4: 1 25 27
5: 8 11 19
6: 9 13 22
7: 10 14 21
8: 5 15 18
9: 6 16 17
10: 7 12 20
11: 5 12 23
12: 10 11 25
13: 6 14 23
14: 7 13 24
15: 8 16 24
16: 9 15 25
17: 9 20 26
18: 8 21 26
19: 5 22 28
20: 10 17 28
21: 7 18 27
22: 6 19 27
23: 2 11 13
24: 3 14 15
25: 4 12 16
26: 2 17 18
27: 4 21 22
28: 3 19 20

1: 2 3 4
2: 1 21 26
3: 1 22 23
4: 1 24 25
5: 11 15 19
6: 14 18 20
7: 13 17 20
8: 12 16 19
9: 16 18 26
10: 15 17 26
11: 5 13 24
12: 8 14 25
13: 7 11 22
14: 6 12 23
15: 5 10 23
16: 8 9 22
17: 7 10 25
18: 6 9 24
19: 5 8 21
20: 6 7 21
21: 2 19 20
22: 3 13 16
23: 3 14 15
24: 4 11 18
25: 4 12 17
26: 2 9 10

1: 2 3 4
2: 1 19 24
3: 1 21 23
4: 1 20 22
5: 13 15 17
6: 14 16 18
7: 8 9 19
8: 7 11 21
9: 7 10 20
10: 9 13 23
11: 8 14 22
12: 15 16 19
13: 5 10 24
14: 6 11 24
15: 5 12 22
16: 6 12 23
17: 5 18 21
18: 6 17 20
19: 2 7 12
20: 4 9 18
21: 3 8 17
22: 4 11 15
23: 3 10 16
24: 2 13 14

1: 2 3 4
2: 1 23 24
3: 1 22 26
4: 1 21 25
5: 13 15 19
6: 14 16 20
7: 8 17 20
8: 7 18 19
9: 12 18 26
10: 11 17 25
11: 10 16 24
12: 9 15 23
13: 5 14 22
14: 6 13 21
15: 5 12 25
16: 6 11 26
17: 7 10 22
18: 8 9 21
19: 5 8 24
20: 6 7 23
21: 4 14 18
22: 3 13 17
23: 2 12 20
24: 2 11 19
25: 4 10 15
26: 3 9 16

1: 2 3 4
2: 1 28 30
3: 1 27 29
4: 1 25 26
5: 11 17 23
6: 12 18 24
7: 11 19 24
8: 12 20 23
9: 10 11 22
10: 9 12 21
11: 5 7 9
12: 6 8 10
13: 16 22 28
14: 15 21 27
15: 14 20 30
16: 13 19 29
17: 5 18 29
18: 6 17 30
19: 7 16 26
20: 8 15 25
21: 10 14 26
22: 9 13 25
23: 5 8 28
24: 6 7 27
25: 4 20 22
26: 4 19 21
27: 3 14 24
28: 2 13 23
29: 3 16 17
30: 2 15 18

1: 2 3 4
2: 1 29 30
3: 1 32 34
4: 1 31 33
5: 7 9 11
6: 8 10 12
7: 5 13 16
8: 6 14 15
9: 5 10 17
10: 6 9 18
11: 5 14 20
12: 6 13 19
13: 7 12 21
14: 8 11 22
15: 8 24 26
16: 7 23 25
17: 9 24 30
18: 10 23 29
19: 12 28 34
20: 11 27 33
21: 13 22 32
22: 14 21 31
23: 16 18 34
24: 15 17 33
25: 16 27 30
26: 15 28 29
27: 20 25 32
28: 19 26 31
29: 2 18 26
30: 2 17 25
31: 4 22 28
32: 3 21 27
33: 4 20 24
34: 3 19 23

1: 2 3 4
2: 1 32 36
3: 1 31 35
4: 1 33 34
5: 6 7 17
6: 5 8 18
7: 5 9 15
8: 6 10 16
9: 7 12 13
10: 8 11 14
11: 10 12 20
12: 9 11 19
13: 9 16 24
14: 10 15 23
15: 7 14 26
16: 8 13 25
17: 5 20 22
18: 6 19 21
19: 12 18 36
20: 11 17 35
21: 18 24 34
22: 17 23 33
23: 14 22 31
24: 13 21 32
25: 16 30 36
26: 15 29 35
27: 28 29 32
28: 27 30 31
29: 26 27 33
30: 25 28 34
31: 3 23 28
32: 2 24 27
33: 4 22 29
34: 4 21 30
35: 3 20 26
36: 2 19 25

1: 2 3 4
2: 1 44 48
3: 1 43 47
4: 1 45 46
5: 6 7 16
6: 5 8 15
7: 5 10 21
8: 6 11 22
9: 10 11 14
10: 7 9 12
11: 8 9 13
12: 10 20 30
13: 11 19 29
14: 9 17 18
15: 6 18 20
16: 5 17 19
17: 14 16 23
18: 14 15 24
19: 13 16 28
20: 12 15 27
21: 7 24 26
22: 8 23 25
23: 17 22 32
24: 18 21 31
25: 22 28 36
26: 21 27 35
27: 20 26 38
28: 19 25 37
29: 13 32 33
30: 12 31 34
31: 24 30 48
32: 23 29 47
33: 29 36 45
34: 30 35 46
35: 26 34 44
36: 25 33 43
37: 28 42 47
38: 27 41 48
39: 40 42 44
40: 39 41 43
41: 38 40 46
42: 37 39 45
43: 3 36 40
44: 2 35 39
45: 4 33 42
46: 4 34 41
47: 3 32 37
48: 2 31 38

1: 2 3 4
2: 1 52 56
3: 1 51 54
4: 1 53 55
5: 8 23 33
6: 7 25 26
7: 6 35 36
8: 5 31 34
9: 18 30 34
10: 13 29 35
11: 15 22 33
12: 15 16 38
13: 10 14 32
14: 13 17 24
15: 11 12 36
16: 12 18 27
17: 14 18 28
18: 9 16 17
19: 20 26 41
20: 19 29 48
21: 25 28 40
22: 11 32 50
23: 5 24 41
24: 14 23 42
25: 6 21 43
26: 6 19 44
27: 16 31 48
28: 17 21 45
29: 10 20 45
30: 9 37 46
31: 8 27 49
32: 13 22 39
33: 5 11 43
34: 8 9 44
35: 7 10 46
36: 7 15 47
37: 30 42 47
38: 12 39 40
39: 32 38 56
40: 21 38 55
41: 19 23 56
42: 24 37 51
43: 25 33 51
44: 26 34 55
45: 28 29 54
46: 30 35 53
47: 36 37 52
48: 20 27 52
49: 31 50 54
50: 22 49 53
51: 3 42 43
52: 2 47 48
53: 4 46 50
54: 3 45 49
55: 4 40 44
56: 2 39 41

1: 2 3 4
2: 1 51 54
3: 1 52 55
4: 1 53 56
5: 21 22 23
6: 15 17 36
7: 19 20 38
8: 16 18 37
9: 10 15 35
10: 9 16 34
11: 12 18 31
12: 11 19 30
13: 14 20 33
14: 13 17 32
15: 6 9 24
16: 8 10 29
17: 6 14 25
18: 8 11 26
19: 7 12 28
20: 7 13 27
21: 5 24 29
22: 5 25 27
23: 5 26 28
24: 15 21 45
25: 17 22 47
26: 18 23 48
27: 20 22 50
28: 19 23 46
29: 16 21 49
30: 12 33 39
31: 11 34 40
32: 14 35 41
33: 13 30 44
34: 10 31 43
35: 9 32 42
36: 6 39 40
37: 8 41 44
38: 7 42 43
39: 30 36 51
40: 31 36 52
41: 32 37 53
42: 35 38 56
43: 34 38 55
44: 33 37 54
45: 24 46 51
46: 28 45 56
47: 25 48 52
48: 26 47 53
49: 29 50 54
50: 27 49 55
51: 2 39 45
52: 3 40 47
53: 4 41 48
54: 2 44 49
55: 3 43 50
56: 4 42 46

1: 2 3 4
2: 1 56 60
3: 1 55 59
4: 1 57 58
5: 7 9 27
6: 8 10 28
7: 5 12 14
8: 6 11 13
9: 5 13 15
10: 6 14 16
11: 8 18 33
12: 7 17 34
13: 8 9 20
14: 7 10 19
15: 9 16 22
16: 10 15 21
17: 12 22 24
18: 11 21 23
19: 14 20 25
20: 13 19 26
21: 16 18 26
22: 15 17 25
23: 18 29 42
24: 17 30 41
25: 19 22 32
26: 20 21 31
27: 5 30 32
28: 6 29 31
29: 23 28 40
30: 24 27 39
31: 26 28 36
32: 25 27 35
33: 11 36 38
34: 12 35 37
35: 32 34 44
36: 31 33 43
37: 34 39 48
38: 33 40 47
39: 30 37 50
40: 29 38 49
41: 24 44 45
42: 23 43 46
43: 36 42 60
44: 35 41 59
45: 41 48 58
46: 42 47 57
47: 38 46 56
48: 37 45 55
49: 40 54 60
50: 39 53 59
51: 52 54 55
52: 51 53 56
53: 50 52 58
54: 49 51 57
55: 3 48 51
56: 2 47 52
57: 4 46 54
58: 4 45 53
59: 3 44 50
60: 2 43 49

1: 2 3 4
2: 1 68 72
3: 1 67 71
4: 1 69 70
5: 10 11 18
6: 12 19 39
7: 13 20 40
8: 9 15 16
9: 8 14 17
10: 5 15 22
11: 5 14 21
12: 6 17 22
13: 7 16 21
14: 9 11 28
15: 8 10 27
16: 8 13 26
17: 9 12 25
18: 5 25 26
19: 6 23 27
20: 7 24 28
21: 11 13 32
22: 10 12 31
23: 19 34 46
24: 20 33 45
25: 17 18 30
26: 16 18 29
27: 15 19 30
28: 14 20 29
29: 26 28 38
30: 25 27 37
31: 22 34 37
32: 21 33 38
33: 24 32 36
34: 23 31 35
35: 34 42 53
36: 33 41 54
37: 30 31 44
38: 29 32 43
39: 6 42 44
40: 7 41 43
41: 36 40 52
42: 35 39 51
43: 38 40 48
44: 37 39 47
45: 24 48 50
46: 23 47 49
47: 44 46 56
48: 43 45 55
49: 46 51 60
50: 45 52 59
51: 42 49 62
52: 41 50 61
53: 35 56 57
54: 36 55 58
55: 48 54 72
56: 47 53 71
57: 53 60 70
58: 54 59 69
59: 50 58 68
60: 49 57 67
61: 52 66 72
62: 51 65 71
63: 64 66 67
64: 63 65 68
65: 62 64 70
66: 61 63 69
67: 3 60 63
68: 2 59 64
69: 4 58 66
70: 4 57 65
71: 3 56 62
72: 2 55 61

1: 2 3 4
2: 1 80 84
3: 1 79 83
4: 1 81 82
5: 9 15 17
6: 10 16 18
7: 8 10 20
8: 7 9 19
9: 5 8 13
10: 6 7 14
11: 30 31 52
12: 29 32 51
13: 9 18 27
14: 10 17 28
15: 5 16 21
16: 6 15 22
17: 5 14 26
18: 6 13 25
19: 8 22 24
20: 7 21 23
21: 15 20 39
22: 16 19 40
23: 20 26 38
24: 19 25 37
25: 18 24 36
26: 17 23 35
27: 13 30 40
28: 14 29 39
29: 12 28 38
30: 11 27 37
31: 11 34 36
32: 12 33 35
33: 32 46 58
34: 31 45 57
35: 26 32 42
36: 25 31 41
37: 24 30 43
38: 23 29 44
39: 21 28 42
40: 22 27 41
41: 36 40 50
42: 35 39 49
43: 37 45 50
44: 38 46 49
45: 34 43 48
46: 33 44 47
47: 46 54 65
48: 45 53 66
49: 42 44 56
50: 41 43 55
51: 12 54 56
52: 11 53 55
53: 48 52 64
54: 47 51 63
55: 50 52 60
56: 49 51 59
57: 34 60 62
58: 33 59 61
59: 56 58 68
60: 55 57 67
61: 58 63 72
62: 57 64 71
63: 54 61 74
64: 53 62 73
65: 47 68 69
66: 48 67 70
67: 60 66 84
68: 59 65 83
69: 65 72 82
70: 66 71 81
71: 62 70 80
72: 61 69 79
73: 64 78 84
74: 63 77 83
75: 76 78 79
76: 75 77 80
77: 74 76 82
78: 73 75 81
79: 3 72 75
80: 2 71 76
81: 4 70 78
82: 4 69 77
83: 3 68 74
84: 2 67 73

1: 2 3 4
2: 1 79 83
3: 1 80 81
4: 1 82 84
5: 24 37 42
6: 22 38 41
7: 23 39 40
8: 22 25 43
9: 24 28 45
10: 24 29 44
11: 23 27 46
12: 23 30 48
13: 22 26 47
14: 20 33 43
15: 20 31 46
16: 21 34 47
17: 21 36 48
18: 21 35 44
19: 20 32 45
20: 14 15 19
21: 16 17 18
22: 6 8 13
23: 7 11 12
24: 5 9 10
25: 8 31 50
26: 13 35 54
27: 11 32 53
28: 9 33 52
29: 10 36 49
30: 12 34 51
31: 15 25 56
32: 19 27 59
33: 14 28 58
34: 16 30 57
35: 18 26 60
36: 17 29 55
37: 5 38 54
38: 6 37 52
39: 7 42 49
40: 7 41 50
41: 6 40 51
42: 5 39 53
43: 8 14 61
44: 10 18 63
45: 9 19 64
46: 11 15 66
47: 13 16 62
48: 12 17 65
49: 29 39 73
50: 25 40 74
51: 30 41 75
52: 28 38 76
53: 27 42 78
54: 26 37 77
55: 36 58 67
56: 31 60 68
57: 34 59 69
58: 33 55 70
59: 32 57 72
60: 35 56 71
61: 43 62 67
62: 47 61 72
63: 44 64 68
64: 45 63 69
65: 48 66 70
66: 46 65 71
67: 55 61 79
68: 56 63 80
69: 57 64 81
70: 58 65 82
71: 60 66 84
72: 59 62 83
73: 49 74 79
74: 50 73 80
75: 51 76 81
76: 52 75 82
77: 54 78 84
78: 53 77 83
79: 2 67 73
80: 3 68 74
81: 3 69 75
82: 4 70 76
83: 2 72 78
84: 4 71 77

1: 2 3 4
2: 1 92 96
3: 1 91 95
4: 1 93 94
5: 6 7 16
6: 5 8 15
7: 5 10 21
8: 6 11 22
9: 10 11 14
10: 7 9 12
11: 8 9 13
12: 10 20 32
13: 11 19 31
14: 9 17 18
15: 6 18 20
16: 5 17 19
17: 14 16 25
18: 14 15 26
19: 13 16 30
20: 12 15 29
21: 7 26 28
22: 8 25 27
23: 38 43 64
24: 37 44 63
25: 17 22 34
26: 18 21 33
27: 22 30 42
28: 21 29 41
29: 20 28 39
30: 19 27 40
31: 13 34 35
32: 12 33 36
33: 26 32 52
34: 25 31 51
35: 31 42 50
36: 32 41 49
37: 24 40 50
38: 23 39 49
39: 29 38 52
40: 30 37 51
41: 28 36 48
42: 27 35 47
43: 23 46 48
44: 24 45 47
45: 44 58 70
46: 43 57 69
47: 42 44 54
48: 41 43 53
49: 36 38 55
50: 35 37 56
51: 34 40 54
52: 33 39 53
53: 48 52 62
54: 47 51 61
55: 49 57 62
56: 50 58 61
57: 46 55 60
58: 45 56 59
59: 58 66 77
60: 57 65 78
61: 54 56 68
62: 53 55 67
63: 24 66 68
64: 23 65 67
65: 60 64 76
66: 59 63 75
67: 62 64 72
68: 61 63 71
69: 46 72 74
70: 45 71 73
71: 68 70 80
72: 67 69 79
73: 70 75 84
74: 69 76 83
75: 66 73 86
76: 65 74 85
77: 59 80 81
78: 60 79 82
79: 72 78 96
80: 71 77 95
81: 77 84 94
82: 78 83 93
83: 74 82 92
84: 73 81 91
85: 76 90 96
86: 75 89 95
87: 88 90 91
88: 87 89 92
89: 86 88 94
90: 85 87 93
91: 3 84 87
92: 2 83 88
93: 4 82 90
94: 4 81 89
95: 3 80 86
96: 2 79 85

1: 2 3 4
2: 1 97 98
3: 1 94 95
4: 1 93 96
5: 6 9 13
6: 5 10 14
7: 8 12 16
8: 7 11 15
9: 5 12 25
10: 6 11 26
11: 8 10 27
12: 7 9 28
13: 5 29 37
14: 6 32 38
15: 8 30 40
16: 7 31 39
17: 20 21 27
18: 19 23 25
19: 18 24 26
20: 17 22 28
21: 17 52 60
22: 20 54 62
23: 18 51 59
24: 19 53 61
25: 9 18 48
26: 10 19 49
27: 11 17 50
28: 12 20 47
29: 13 31 51
30: 15 32 52
31: 16 29 54
32: 14 30 53
33: 36 44 48
34: 35 43 47
35: 34 45 50
36: 33 46 49
37: 13 41 55
38: 14 41 58
39: 16 42 56
40: 15 42 57
41: 37 38 75
42: 39 40 76
43: 34 72 78
44: 33 69 77
45: 35 70 80
46: 36 71 79
47: 28 34 74
48: 25 33 74
49: 26 36 73
50: 27 35 73
51: 23 29 69
52: 21 30 70
53: 24 32 71
54: 22 31 72
55: 37 56 65
56: 39 55 66
57: 40 58 68
58: 38 57 67
59: 23 63 65
60: 21 64 68
61: 24 63 67
62: 22 64 66
63: 59 61 90
64: 60 62 89
65: 55 59 83
66: 56 62 86
67: 58 61 85
68: 57 60 84
69: 44 51 87
70: 45 52 88
71: 46 53 88
72: 43 54 87
73: 49 50 92
74: 47 48 91
75: 41 76 90
76: 42 75 89
77: 44 82 83
78: 43 81 86
79: 46 82 85
80: 45 81 84
81: 78 80 98
82: 77 79 97
83: 65 77 93
84: 68 80 94
85: 67 79 94
86: 66 78 93
87: 69 72 96
88: 70 71 95
89: 64 76 98
90: 63 75 97
91: 74 92 96
92: 73 91 95
93: 4 83 86
94: 3 84 85
95: 3 88 92
96: 4 87 91
97: 2 82 90
98: 2 81 89

1: 2 3 4
2: 1 104 108
3: 1 103 107
4: 1 105 106
5: 7 9 27
6: 8 10 28
7: 5 12 14
8: 6 11 13
9: 5 13 15
10: 6 14 16
11: 8 18 33
12: 7 17 34
13: 8 9 20
14: 7 10 19
15: 9 16 22
16: 10 15 21
17: 12 22 24
18: 11 21 23
19: 14 20 25
20: 13 19 26
21: 16 18 26
22: 15 17 25
23: 18 29 44
24: 17 30 43
25: 19 22 32
26: 20 21 31
27: 5 30 32
28: 6 29 31
29: 23 28 42
30: 24 27 41
31: 26 28 38
32: 25 27 37
33: 11 38 39
34: 12 37 40
35: 50 56 75
36: 49 55 76
37: 32 34 46
38: 31 33 45
39: 33 42 54
40: 34 41 53
41: 30 40 52
42: 29 39 51
43: 24 46 48
44: 23 45 47
45: 38 44 64
46: 37 43 63
47: 44 54 62
48: 43 53 61
49: 36 51 62
50: 35 52 61
51: 42 49 64
52: 41 50 63
53: 40 48 59
54: 39 47 60
55: 36 58 60
56: 35 57 59
57: 56 70 82
58: 55 69 81
59: 53 56 66
60: 54 55 65
61: 48 50 68
62: 47 49 67
63: 46 52 66
64: 45 51 65
65: 60 64 74
66: 59 63 73
67: 62 69 74
68: 61 70 73
69: 58 67 72
70: 57 68 71
71: 70 78 89
72: 69 77 90
73: 66 68 80
74: 65 67 79
75: 35 78 80
76: 36 77 79
77: 72 76 88
78: 71 75 87
79: 74 76 84
80: 73 75 83
81: 58 84 86
82: 57 83 85
83: 80 82 92
84: 79 81 91
85: 82 87 96
86: 81 88 95
87: 78 85 98
88: 77 86 97
89: 71 92 93
90: 72 91 94
91: 84 90 108
92: 83 89 107
93: 89 96 106
94: 90 95 105
95: 86 94 104
96: 85 93 103
97: 88 102 108
98: 87 101 107
99: 100 102 103
100: 99 101 104
101: 98 100 106
102: 97 99 105
103: 3 96 99
104: 2 95 100
105: 4 94 102
106: 4 93 101
107: 3 92 98
108: 2 91 97

1: 2 3 4
2: 1 107 111
3: 1 108 112
4: 1 109 110
5: 13 19 74
6: 8 18 94
7: 11 19 20
8: 6 20 39
9: 11 14 17
10: 11 15 16
11: 7 9 10
12: 18 24 32
13: 5 23 35
14: 9 27 33
15: 10 30 37
16: 10 23 36
17: 9 22 38
18: 6 12 28
19: 5 7 25
20: 7 8 26
21: 24 29 93
22: 17 40 67
23: 13 16 50
24: 12 21 49
25: 19 28 68
26: 20 27 63
27: 14 26 64
28: 18 25 65
29: 21 31 66
30: 15 31 48
31: 29 30 62
32: 12 43 47
33: 14 43 59
34: 44 46 73
35: 13 44 56
36: 16 55 58
37: 15 49 54
38: 17 45 48
39: 8 53 57
40: 22 51 52
41: 47 50 60
42: 45 46 61
43: 32 33 83
44: 34 35 86
45: 38 42 82
46: 34 42 75
47: 32 41 89
48: 30 38 76
49: 24 37 80
50: 23 41 79
51: 40 56 79
52: 40 65 82
53: 39 61 81
54: 37 55 81
55: 36 54 87
56: 35 51 90
57: 39 71 90
58: 36 70 89
59: 33 60 92
60: 41 59 84
61: 42 53 85
62: 31 69 84
63: 26 66 85
64: 27 72 86
65: 28 52 80
66: 29 63 88
67: 22 71 83
68: 25 69 91
69: 62 68 78
70: 58 72 88
71: 57 67 87
72: 64 70 77
73: 34 76 77
74: 5 75 78
75: 46 74 99
76: 48 73 100
77: 72 73 102
78: 69 74 101
79: 50 51 105
80: 49 65 106
81: 53 54 99
82: 45 52 104
83: 43 67 98
84: 60 62 100
85: 61 63 95
86: 44 64 103
87: 55 71 102
88: 66 70 101
89: 47 58 97
90: 56 57 96
91: 68 92 104
92: 59 91 103
93: 21 95 98
94: 6 96 97
95: 85 93 108
96: 90 94 112
97: 89 94 111
98: 83 93 109
99: 75 81 107
100: 76 84 110
101: 78 88 111
102: 77 87 109
103: 86 92 112
104: 82 91 108
105: 79 106 110
106: 80 105 107
107: 2 99 106
108: 3 95 104
109: 4 98 102
110: 4 100 105
111: 2 97 101
112: 3 96 103

1: 2 3 4
2: 1 116 120
3: 1 115 119
4: 1 117 118
5: 10 11 18
6: 12 19 39
7: 13 20 40
8: 9 15 16
9: 8 14 17
10: 5 15 22
11: 5 14 21
12: 6 17 22
13: 7 16 21
14: 9 11 28
15: 8 10 27
16: 8 13 26
17: 9 12 25
18: 5 25 26
19: 6 23 27
20: 7 24 28
21: 11 13 32
22: 10 12 31
23: 19 34 46
24: 20 33 45
25: 17 18 30
26: 16 18 29
27: 15 19 30
28: 14 20 29
29: 26 28 38
30: 25 27 37
31: 22 34 37
32: 21 33 38
33: 24 32 36
34: 23 31 35
35: 34 42 55
36: 33 41 56
37: 30 31 44
38: 29 32 43
39: 6 42 44
40: 7 41 43
41: 36 40 54
42: 35 39 53
43: 38 40 50
44: 37 39 49
45: 24 50 51
46: 23 49 52
47: 62 68 87
48: 61 67 88
49: 44 46 58
50: 43 45 57
51: 45 54 66
52: 46 53 65
53: 42 52 64
54: 41 51 63
55: 35 58 60
56: 36 57 59
57: 50 56 76
58: 49 55 75
59: 56 66 74
60: 55 65 73
61: 48 63 74
62: 47 64 73
63: 54 61 76
64: 53 62 75
65: 52 60 71
66: 51 59 72
67: 48 70 72
68: 47 69 71
69: 68 82 94
70: 67 81 93
71: 65 68 78
72: 66 67 77
73: 60 62 80
74: 59 61 79
75: 58 64 78
76: 57 63 77
77: 72 76 86
78: 71 75 85
79: 74 81 86
80: 73 82 85
81: 70 79 84
82: 69 80 83
83: 82 90 101
84: 81 89 102
85: 78 80 92
86: 77 79 91
87: 47 90 92
88: 48 89 91
89: 84 88 100
90: 83 87 99
91: 86 88 96
92: 85 87 95
93: 70 96 98
94: 69 95 97
95: 92 94 104
96: 91 93 103
97: 94 99 108
98: 93 100 107
99: 90 97 110
100: 89 98 109
101: 83 104 105
102: 84 103 106
103: 96 102 120
104: 95 101 119
105: 101 108 118
106: 102 107 117
107: 98 106 116
108: 97 105 115
109: 100 114 120
110: 99 113 119
111: 112 114 115
112: 111 113 116
113: 110 112 118
114: 109 111 117
115: 3 108 111
116: 2 107 112
117: 4 106 114
118: 4 105 113
119: 3 104 110
120: 2 103 109

1: 2 3 4
2: 1 128 132
3: 1 127 131
4: 1 129 130
5: 9 15 17
6: 10 16 18
7: 8 10 20
8: 7 9 19
9: 5 8 13
10: 6 7 14
11: 30 31 52
12: 29 32 51
13: 9 18 27
14: 10 17 28
15: 5 16 21
16: 6 15 22
17: 5 14 26
18: 6 13 25
19: 8 22 24
20: 7 21 23
21: 15 20 39
22: 16 19 40
23: 20 26 38
24: 19 25 37
25: 18 24 36
26: 17 23 35
27: 13 30 40
28: 14 29 39
29: 12 28 38
30: 11 27 37
31: 11 34 36
32: 12 33 35
33: 32 46 58
34: 31 45 57
35: 26 32 42
36: 25 31 41
37: 24 30 43
38: 23 29 44
39: 21 28 42
40: 22 27 41
41: 36 40 50
42: 35 39 49
43: 37 45 50
44: 38 46 49
45: 34 43 48
46: 33 44 47
47: 46 54 67
48: 45 53 68
49: 42 44 56
50: 41 43 55
51: 12 54 56
52: 11 53 55
53: 48 52 66
54: 47 51 65
55: 50 52 62
56: 49 51 61
57: 34 62 63
58: 33 61 64
59: 74 80 99
60: 73 79 100
61: 56 58 70
62: 55 57 69
63: 57 66 78
64: 58 65 77
65: 54 64 76
66: 53 63 75
67: 47 70 72
68: 48 69 71
69: 62 68 88
70: 61 67 87
71: 68 78 86
72: 67 77 85
73: 60 75 86
74: 59 76 85
75: 66 73 88
76: 65 74 87
77: 64 72 83
78: 63 71 84
79: 60 82 84
80: 59 81 83
81: 80 94 106
82: 79 93 105
83: 77 80 90
84: 78 79 89
85: 72 74 92
86: 71 73 91
87: 70 76 90
88: 69 75 89
89: 84 88 98
90: 83 87 97
91: 86 93 98
92: 85 94 97
93: 82 91 96
94: 81 92 95
95: 94 102 113
96: 93 101 114
97: 90 92 104
98: 89 91 103
99: 59 102 104
100: 60 101 103
101: 96 100 112
102: 95 99 111
103: 98 100 108
104: 97 99 107
105: 82 108 110
106: 81 107 109
107: 104 106 116
108: 103 105 115
109: 106 111 120
110: 105 112 119
111: 102 109 122
112: 101 110 121
113: 95 116 117
114: 96 115 118
115: 108 114 132
116: 107 113 131
117: 113 120 130
118: 114 119 129
119: 110 118 128
120: 109 117 127
121: 112 126 132
122: 111 125 131
123: 124 126 127
124: 123 125 128
125: 122 124 130
126: 121 123 129
127: 3 120 123
128: 2 119 124
129: 4 118 126
130: 4 117 125
131: 3 116 122
132: 2 115 121

1: 2 3 4
2: 1 140 144
3: 1 139 143
4: 1 141 142
5: 6 7 16
6: 5 8 15
7: 5 10 21
8: 6 11 22
9: 10 11 14
10: 7 9 12
11: 8 9 13
12: 10 20 32
13: 11 19 31
14: 9 17 18
15: 6 18 20
16: 5 17 19
17: 14 16 25
18: 14 15 26
19: 13 16 30
20: 12 15 29
21: 7 26 28
22: 8 25 27
23: 38 43 64
24: 37 44 63
25: 17 22 34
26: 18 21 33
27: 22 30 42
28: 21 29 41
29: 20 28 39
30: 19 27 40
31: 13 34 35
32: 12 33 36
33: 26 32 52
34: 25 31 51
35: 31 42 50
36: 32 41 49
37: 24 40 50
38: 23 39 49
39: 29 38 52
40: 30 37 51
41: 28 36 48
42: 27 35 47
43: 23 46 48
44: 24 45 47
45: 44 58 70
46: 43 57 69
47: 42 44 54
48: 41 43 53
49: 36 38 55
50: 35 37 56
51: 34 40 54
52: 33 39 53
53: 48 52 62
54: 47 51 61
55: 49 57 62
56: 50 58 61
57: 46 55 60
58: 45 56 59
59: 58 66 79
60: 57 65 80
61: 54 56 68
62: 53 55 67
63: 24 66 68
64: 23 65 67
65: 60 64 78
66: 59 63 77
67: 62 64 74
68: 61 63 73
69: 46 74 75
70: 45 73 76
71: 86 92 111
72: 85 91 112
73: 68 70 82
74: 67 69 81
75: 69 78 90
76: 70 77 89
77: 66 76 88
78: 65 75 87
79: 59 82 84
80: 60 81 83
81: 74 80 100
82: 73 79 99
83: 80 90 98
84: 79 89 97
85: 72 87 98
86: 71 88 97
87: 78 85 100
88: 77 86 99
89: 76 84 95
90: 75 83 96
91: 72 94 96
92: 71 93 95
93: 92 106 118
94: 91 105 117
95: 89 92 102
96: 90 91 101
97: 84 86 104
98: 83 85 103
99: 82 88 102
100: 81 87 101
101: 96 100 110
102: 95 99 109
103: 98 105 110
104: 97 106 109
105: 94 103 108
106: 93 104 107
107: 106 114 125
108: 105 113 126
109: 102 104 116
110: 101 103 115
111: 71 114 116
112: 72 113 115
113: 108 112 124
114: 107 111 123
115: 110 112 120
116: 109 111 119
117: 94 120 122
118: 93 119 121
119: 116 118 128
120: 115 117 127
121: 118 123 132
122: 117 124 131
123: 114 121 134
124: 113 122 133
125: 107 128 129
126: 108 127 130
127: 120 126 144
128: 119 125 143
129: 125 132 142
130: 126 131 141
131: 122 130 140
132: 121 129 139
133: 124 138 144
134: 123 137 143
135: 136 138 139
136: 135 137 140
137: 134 136 142
138: 133 135 141
139: 3 132 135
140: 2 131 136
141: 4 130 138
142: 4 129 137
143: 3 128 134
144: 2 127 133

1: 2 3 4
2: 1 152 156
3: 1 151 155
4: 1 153 154
5: 7 9 27
6: 8 10 28
7: 5 12 14
8: 6 11 13
9: 5 13 15
10: 6 14 16
11: 8 18 33
12: 7 17 34
13: 8 9 20
14: 7 10 19
15: 9 16 22
16: 10 15 21
17: 12 22 24
18: 11 21 23
19: 14 20 25
20: 13 19 26
21: 16 18 26
22: 15 17 25
23: 18 29 44
24: 17 30 43
25: 19 22 32
26: 20 21 31
27: 5 30 32
28: 6 29 31
29: 23 28 42
30: 24 27 41
31: 26 28 38
32: 25 27 37
33: 11 38 39
34: 12 37 40
35: 50 56 75
36: 49 55 76
37: 32 34 46
38: 31 33 45
39: 33 42 54
40: 34 41 53
41: 30 40 52
42: 29 39 51
43: 24 46 48
44: 23 45 47
45: 38 44 64
46: 37 43 63
47: 44 54 62
48: 43 53 61
49: 36 51 62
50: 35 52 61
51: 42 49 64
52: 41 50 63
53: 40 48 59
54: 39 47 60
55: 36 58 60
56: 35 57 59
57: 56 70 82
58: 55 69 81
59: 53 56 66
60: 54 55 65
61: 48 50 68
62: 47 49 67
63: 46 52 66
64: 45 51 65
65: 60 64 74
66: 59 63 73
67: 62 69 74
68: 61 70 73
69: 58 67 72
70: 57 68 71
71: 70 78 91
72: 69 77 92
73: 66 68 80
74: 65 67 79
75: 35 78 80
76: 36 77 79
77: 72 76 90
78: 71 75 89
79: 74 76 86
80: 73 75 85
81: 58 86 87
82: 57 85 88
83: 98 104 123
84: 97 103 124
85: 80 82 94
86: 79 81 93
87: 81 90 102
88: 82 89 101
89: 78 88 100
90: 77 87 99
91: 71 94 96
92: 72 93 95
93: 86 92 112
94: 85 91 111
95: 92 102 110
96: 91 101 109
97: 84 99 110
98: 83 100 109
99: 90 97 112
100: 89 98 111
101: 88 96 107
102: 87 95 108
103: 84 106 108
104: 83 105 107
105: 104 118 130
106: 103 117 129
107: 101 104 114
108: 102 103 113
109: 96 98 116
110: 95 97 115
111: 94 100 114
112: 93 99 113
113: 108 112 122
114: 107 111 121
115: 110 117 122
116: 109 118 121
117: 106 115 120
118: 105 116 119
119: 118 126 137
120: 117 125 138
121: 114 116 128
122: 113 115 127
123: 83 126 128
124: 84 125 127
125: 120 124 136
126: 119 123 135
127: 122 124 132
128: 121 123 131
129: 106 132 134
130: 105 131 133
131: 128 130 140
132: 127 129 139
133: 130 135 144
134: 129 136 143
135: 126 133 146
136: 125 134 145
137: 119 140 141
138: 120 139 142
139: 132 138 156
140: 131 137 155
141: 137 144 154
142: 138 143 153
143: 134 142 152
144: 133 141 151
145: 136 150 156
146: 135 149 155
147: 148 150 151
148: 147 149 152
149: 146 148 154
150: 145 147 153
151: 3 144 147
152: 2 143 148
153: 4 142 150
154: 4 141 149
155: 3 140 146
156: 2 139 145

1: 2 3 4
2: 1 163 164
3: 1 166 168
4: 1 165 167
5: 38 74 85
6: 39 75 86
7: 38 61 67
8: 39 60 66
9: 36 55 84
10: 37 54 83
11: 35 59 73
12: 34 58 72
13: 32 56 65
14: 33 57 64
15: 16 72 73
16: 15 70 71
17: 18 69 74
18: 17 68 75
19: 20 22 49
20: 19 21 48
21: 20 38 65
22: 19 39 64
23: 24 25 82
24: 23 27 69
25: 23 26 68
26: 25 29 51
27: 24 28 50
28: 27 30 52
29: 26 31 53
30: 28 33 71
31: 29 32 70
32: 13 31 63
33: 14 30 62
34: 12 35 66
35: 11 34 67
36: 9 37 63
37: 10 36 62
38: 5 7 21
39: 6 8 22
40: 49 59 124
41: 48 58 123
42: 43 81 103
43: 42 80 104
44: 47 60 122
45: 46 61 121
46: 45 47 106
47: 44 46 105
48: 20 41 102
49: 19 40 101
50: 27 57 104
51: 26 56 103
52: 28 79 99
53: 29 78 100
54: 10 77 92
55: 9 76 91
56: 13 51 98
57: 14 50 97
58: 12 41 120
59: 11 40 119
60: 8 44 96
61: 7 45 95
62: 33 37 118
63: 32 36 117
64: 14 22 116
65: 13 21 115
66: 8 34 98
67: 7 35 97
68: 18 25 94
69: 17 24 93
70: 16 31 106
71: 16 30 105
72: 12 15 92
73: 11 15 91
74: 5 17 114
75: 6 18 113
76: 55 99 112
77: 54 100 111
78: 53 90 109
79: 52 89 110
80: 43 88 108
81: 42 87 107
82: 23 101 102
83: 10 88 94
84: 9 87 93
85: 5 90 96
86: 6 89 95
87: 81 84 136
88: 80 83 135
89: 79 86 150
90: 78 85 149
91: 55 73 147
92: 54 72 148
93: 69 84 146
94: 68 83 145
95: 61 86 144
96: 60 85 143
97: 57 67 142
98: 56 66 141
99: 52 76 144
100: 53 77 143
101: 49 82 140
102: 48 82 139
103: 42 51 138
104: 43 50 137
105: 47 71 136
106: 46 70 135
107: 81 110 140
108: 80 109 139
109: 78 108 134
110: 79 107 133
111: 77 121 132
112: 76 122 131
113: 75 116 134
114: 74 115 133
115: 65 114 148
116: 64 113 147
117: 63 120 146
118: 62 119 145
119: 59 118 130
120: 58 117 129
121: 45 111 142
122: 44 112 141
123: 41 128 138
124: 40 127 137
125: 126 128 129
126: 125 127 130
127: 124 126 132
128: 123 125 131
129: 120 125 158
130: 119 126 157
131: 112 128 160
132: 111 127 159
133: 110 114 158
134: 109 113 157
135: 88 106 156
136: 87 105 155
137: 104 124 156
138: 103 123 155
139: 102 108 153
140: 101 107 154
141: 98 122 153
142: 97 121 154
143: 96 100 162
144: 95 99 161
145: 94 118 152
146: 93 117 151
147: 91 116 160
148: 92 115 159
149: 90 150 152
150: 89 149 151
151: 146 150 164
152: 145 149 163
153: 139 141 168
154: 140 142 167
155: 136 138 166
156: 135 137 165
157: 130 134 168
158: 129 133 167
159: 132 148 164
160: 131 147 163
161: 144 162 166
162: 143 161 165
163: 2 152 160
164: 2 151 159
165: 4 156 162
166: 3 155 161
167: 4 154 158
168: 3 153 157

1: 2 3 4
2: 1 163 168
3: 1 164 167
4: 1 165 166
5: 17 18 66
6: 13 32 34
7: 14 33 35
8: 9 19 70
9: 8 20 69
10: 11 12 29
11: 10 13 68
12: 10 14 67
13: 6 11 30
14: 7 12 31
15: 16 49 149
16: 15 48 150
17: 5 28 47
18: 5 27 46
19: 8 26 45
20: 9 25 44
21: 24 51 52
22: 23 50 53
23: 22 36 43
24: 21 37 42
25: 20 43 62
26: 19 42 63
27: 18 59 61
28: 17 58 60
29: 10 44 45
30: 13 49 57
31: 14 48 56
32: 6 38 55
33: 7 39 54
34: 6 41 47
35: 7 40 46
36: 23 72 84
37: 24 71 83
38: 32 86 100
39: 33 85 99
40: 35 88 101
41: 34 87 102
42: 24 26 82
43: 23 25 81
44: 20 29 92
45: 19 29 91
46: 18 35 90
47: 17 34 89
48: 16 31 92
49: 15 30 91
50: 22 65 80
51: 21 64 79
52: 21 61 88
53: 22 60 87
54: 33 62 98
55: 32 63 97
56: 31 57 90
57: 30 56 89
58: 28 59 86
59: 27 58 85
60: 28 53 78
61: 27 52 77
62: 25 54 76
63: 26 55 75
64: 51 65 74
65: 50 64 73
66: 5 79 80
67: 12 76 96
68: 11 75 95
69: 9 74 84
70: 8 73 83
71: 37 77 94
72: 36 78 93
73: 65 70 120
74: 64 69 119
75: 63 68 114
76: 62 67 113
77: 61 71 112
78: 60 72 111
79: 51 66 128
80: 50 66 127
81: 43 104 120
82: 42 103 119
83: 37 70 110
84: 36 69 109
85: 39 59 118
86: 38 58 117
87: 41 53 126
88: 40 52 125
89: 47 57 124
90: 46 56 123
91: 45 49 116
92: 44 48 115
93: 72 98 118
94: 71 97 117
95: 68 96 107
96: 67 95 108
97: 55 94 116
98: 54 93 115
99: 39 106 112
100: 38 105 111
101: 40 106 108
102: 41 105 107
103: 82 114 122
104: 81 113 121
105: 100 102 139
106: 99 101 140
107: 95 102 136
108: 96 101 135
109: 84 130 138
110: 83 129 137
111: 78 100 148
112: 77 99 147
113: 76 104 140
114: 75 103 139
115: 92 98 138
116: 91 97 137
117: 86 94 145
118: 85 93 146
119: 74 82 132
120: 73 81 131
121: 104 126 136
122: 103 125 135
123: 90 128 144
124: 89 127 143
125: 88 122 134
126: 87 121 133
127: 80 124 133
128: 79 123 134
129: 110 131 142
130: 109 132 141
131: 120 129 160
132: 119 130 159
133: 126 127 160
134: 125 128 159
135: 108 122 162
136: 107 121 161
137: 110 116 154
138: 109 115 153
139: 105 114 158
140: 106 113 157
141: 130 148 158
142: 129 147 157
143: 124 144 152
144: 123 143 151
145: 117 146 156
146: 118 145 155
147: 112 142 156
148: 111 141 155
149: 15 152 154
150: 16 151 153
151: 144 150 168
152: 143 149 167
153: 138 150 166
154: 137 149 165
155: 146 148 166
156: 145 147 165
157: 140 142 164
158: 139 141 163
159: 132 134 168
160: 131 133 167
161: 136 162 164
162: 135 161 163
163: 2 158 162
164: 3 157 161
165: 4 154 156
166: 4 153 155
167: 3 152 160
168: 2 151 159

1: 2 3 4
2: 1 164 168
3: 1 163 167
4: 1 165 166
5: 10 11 18
6: 12 19 39
7: 13 20 40
8: 9 15 16
9: 8 14 17
10: 5 15 22
11: 5 14 21
12: 6 17 22
13: 7 16 21
14: 9 11 28
15: 8 10 27
16: 8 13 26
17: 9 12 25
18: 5 25 26
19: 6 23 27
20: 7 24 28
21: 11 13 32
22: 10 12 31
23: 19 34 46
24: 20 33 45
25: 17 18 30
26: 16 18 29
27: 15 19 30
28: 14 20 29
29: 26 28 38
30: 25 27 37
31: 22 34 37
32: 21 33 38
33: 24 32 36
34: 23 31 35
35: 34 42 55
36: 33 41 56
37: 30 31 44
38: 29 32 43
39: 6 42 44
40: 7 41 43
41: 36 40 54
42: 35 39 53
43: 38 40 50
44: 37 39 49
45: 24 50 51
46: 23 49 52
47: 62 68 87
48: 61 67 88
49: 44 46 58
50: 43 45 57
51: 45 54 66
52: 46 53 65
53: 42 52 64
54: 41 51 63
55: 35 58 60
56: 36 57 59
57: 50 56 76
58: 49 55 75
59: 56 66 74
60: 55 65 73
61: 48 63 74
62: 47 64 73
63: 54 61 76
64: 53 62 75
65: 52 60 71
66: 51 59 72
67: 48 70 72
68: 47 69 71
69: 68 82 94
70: 67 81 93
71: 65 68 78
72: 66 67 77
73: 60 62 80
74: 59 61 79
75: 58 64 78
76: 57 63 77
77: 72 76 86
78: 71 75 85
79: 74 81 86
80: 73 82 85
81: 70 79 84
82: 69 80 83
83: 82 90 103
84: 81 89 104
85: 78 80 92
86: 77 79 91
87: 47 90 92
88: 48 89 91
89: 84 88 102
90: 83 87 101
91: 86 88 98
92: 85 87 97
93: 70 98 99
94: 69 97 100
95: 110 116 135
96: 109 115 136
97: 92 94 106
98: 91 93 105
99: 93 102 114
100: 94 101 113
101: 90 100 112
102: 89 99 111
103: 83 106 108
104: 84 105 107
105: 98 104 124
106: 97 103 123
107: 104 114 122
108: 103 113 121
109: 96 111 122
110: 95 112 121
111: 102 109 124
112: 101 110 123
113: 100 108 119
114: 99 107 120
115: 96 118 120
116: 95 117 119
117: 116 130 142
118: 115 129 141
119: 113 116 126
120: 114 115 125
121: 108 110 128
122: 107 109 127
123: 106 112 126
124: 105 111 125
125: 120 124 134
126: 119 123 133
127: 122 129 134
128: 121 130 133
129: 118 127 132
130: 117 128 131
131: 130 138 149
132: 129 137 150
133: 126 128 140
134: 125 127 139
135: 95 138 140
136: 96 137 139
137: 132 136 148
138: 131 135 147
139: 134 136 144
140: 133 135 143
141: 118 144 146
142: 117 143 145
143: 140 142 152
144: 139 141 151
145: 142 147 156
146: 141 148 155
147: 138 145 158
148: 137 146 157
149: 131 152 153
150: 132 151 154
151: 144 150 168
152: 143 149 167
153: 149 156 166
154: 150 155 165
155: 146 154 164
156: 145 153 163
157: 148 162 168
158: 147 161 167
159: 160 162 163
160: 159 161 164
161: 158 160 166
162: 157 159 165
163: 3 156 159
164: 2 155 160
165: 4 154 162
166: 4 153 161
167: 3 152 158
168: 2 151 157

1: 2 3 4
2: 1 163 164
3: 1 165 166
4: 1 167 168
5: 14 27 28
6: 14 29 32
7: 14 30 31
8: 12 21 27
9: 10 23 28
10: 9 24 29
11: 13 25 32
12: 8 26 30
13: 11 22 31
14: 5 6 7
15: 16 51 82
16: 15 48 83
17: 19 49 86
18: 20 53 84
19: 17 52 85
20: 18 50 87
21: 8 42 76
22: 13 44 78
23: 9 43 79
24: 10 45 81
25: 11 47 77
26: 12 46 80
27: 5 8 82
28: 5 9 83
29: 6 10 85
30: 7 12 87
31: 7 13 84
32: 6 11 86
33: 36 58 62
34: 38 59 63
35: 37 60 61
36: 33 76 80
37: 35 79 81
38: 34 77 78
39: 73 74 100
40: 71 72 102
41: 70 75 101
42: 21 73 94
43: 23 75 95
44: 22 70 96
45: 24 71 97
46: 26 72 99
47: 25 74 98
48: 16 59 64
49: 17 58 68
50: 20 61 69
51: 15 63 67
52: 19 62 65
53: 18 60 66
54: 88 90 91
55: 89 92 93
56: 64 68 69
57: 65 66 67
58: 33 49 122
59: 34 48 123
60: 35 53 125
61: 35 50 126
62: 33 52 121
63: 34 51 124
64: 48 56 127
65: 52 57 129
66: 53 57 132
67: 51 57 130
68: 49 56 131
69: 50 56 128
70: 41 44 120
71: 40 45 115
72: 40 46 116
73: 39 42 117
74: 39 47 118
75: 41 43 119
76: 21 36 103
77: 25 38 104
78: 22 38 106
79: 23 37 108
80: 26 36 105
81: 24 37 107
82: 15 27 109
83: 16 28 110
84: 18 31 111
85: 19 29 112
86: 17 32 114
87: 20 30 113
88: 54 94 120
89: 55 95 118
90: 54 96 115
91: 54 97 117
92: 55 99 119
93: 55 98 116
94: 42 88 109
95: 43 89 110
96: 44 90 111
97: 45 91 112
98: 47 93 114
99: 46 92 113
100: 39 103 104
101: 41 106 108
102: 40 105 107
103: 76 100 139
104: 77 100 143
105: 80 102 144
106: 78 101 141
107: 81 102 142
108: 79 101 140
109: 82 94 137
110: 83 95 136
111: 84 96 133
112: 85 97 135
113: 87 99 138
114: 86 98 134
115: 71 90 145
116: 72 93 146
117: 73 91 147
118: 74 89 148
119: 75 92 150
120: 70 88 149
121: 62 132 139
122: 58 127 144
123: 59 128 143
124: 63 129 141
125: 60 130 142
126: 61 131 140
127: 64 122 136
128: 69 123 138
129: 65 124 135
130: 67 125 137
131: 68 126 134
132: 66 121 133
133: 111 132 151
134: 114 131 152
135: 112 129 153
136: 110 127 154
137: 109 130 156
138: 113 128 155
139: 103 121 157
140: 108 126 159
141: 106 124 160
142: 107 125 162
143: 104 123 158
144: 105 122 161
145: 115 146 151
146: 116 145 152
147: 117 148 153
148: 118 147 154
149: 120 150 156
150: 119 149 155
151: 133 145 163
152: 134 146 164
153: 135 147 165
154: 136 148 166
155: 138 150 168
156: 137 149 167
157: 139 158 163
158: 143 157 168
159: 140 160 164
160: 141 159 165
161: 144 162 166
162: 142 161 167
163: 2 151 157
164: 2 152 159
165: 3 153 160
166: 3 154 161
167: 4 156 162
168: 4 155 158

1: 2 3 4
2: 1 176 180
3: 1 175 179
4: 1 177 178
5: 9 15 17
6: 10 16 18
7: 8 10 20
8: 7 9 19
9: 5 8 13
10: 6 7 14
11: 30 31 52
12: 29 32 51
13: 9 18 27
14: 10 17 28
15: 5 16 21
16: 6 15 22
17: 5 14 26
18: 6 13 25
19: 8 22 24
20: 7 21 23
21: 15 20 39
22: 16 19 40
23: 20 26 38
24: 19 25 37
25: 18 24 36
26: 17 23 35
27: 13 30 40
28: 14 29 39
29: 12 28 38
30: 11 27 37
31: 11 34 36
32: 12 33 35
33: 32 46 58
34: 31 45 57
35: 26 32 42
36: 25 31 41
37: 24 30 43
38: 23 29 44
39: 21 28 42
40: 22 27 41
41: 36 40 50
42: 35 39 49
43: 37 45 50
44: 38 46 49
45: 34 43 48
46: 33 44 47
47: 46 54 67
48: 45 53 68
49: 42 44 56
50: 41 43 55
51: 12 54 56
52: 11 53 55
53: 48 52 66
54: 47 51 65
55: 50 52 62
56: 49 51 61
57: 34 62 63
58: 33 61 64
59: 74 80 99
60: 73 79 100
61: 56 58 70
62: 55 57 69
63: 57 66 78
64: 58 65 77
65: 54 64 76
66: 53 63 75
67: 47 70 72
68: 48 69 71
69: 62 68 88
70: 61 67 87
71: 68 78 86
72: 67 77 85
73: 60 75 86
74: 59 76 85
75: 66 73 88
76: 65 74 87
77: 64 72 83
78: 63 71 84
79: 60 82 84
80: 59 81 83
81: 80 94 106
82: 79 93 105
83: 77 80 90
84: 78 79 89
85: 72 74 92
86: 71 73 91
87: 70 76 90
88: 69 75 89
89: 84 88 98
90: 83 87 97
91: 86 93 98
92: 85 94 97
93: 82 91 96
94: 81 92 95
95: 94 102 115
96: 93 101 116
97: 90 92 104
98: 89 91 103
99: 59 102 104
100: 60 101 103
101: 96 100 114
102: 95 99 113
103: 98 100 110
104: 97 99 109
105: 82 110 111
106: 81 109 112
107: 122 128 147
108: 121 127 148
109: 104 106 118
110: 103 105 117
111: 105 114 126
112: 106 113 125
113: 102 112 124
114: 101 111 123
115: 95 118 120
116: 96 117 119
117: 110 116 136
118: 109 115 135
119: 116 126 134
120: 115 125 133
121: 108 123 134
122: 107 124 133
123: 114 121 136
124: 113 122 135
125: 112 120 131
126: 111 119 132
127: 108 130 132
128: 107 129 131
129: 128 142 154
130: 127 141 153
131: 125 128 138
132: 126 127 137
133: 120 122 140
134: 119 121 139
135: 118 124 138
136: 117 123 137
137: 132 136 146
138: 131 135 145
139: 134 141 146
140: 133 142 145
141: 130 139 144
142: 129 140 143
143: 142 150 161
144: 141 149 162
145: 138 140 152
146: 137 139 151
147: 107 150 152
148: 108 149 151
149: 144 148 160
150: 143 147 159
151: 146 148 156
152: 145 147 155
153: 130 156 158
154: 129 155 157
155: 152 154 164
156: 151 153 163
157: 154 159 168
158: 153 160 167
159: 150 157 170
160: 149 158 169
161: 143 164 165
162: 144 163 166
163: 156 162 180
164: 155 161 179
165: 161 168 178
166: 162 167 177
167: 158 166 176
168: 157 165 175
169: 160 174 180
170: 159 173 179
171: 172 174 175
172: 171 173 176
173: 170 172 178
174: 169 171 177
175: 3 168 171
176: 2 167 172
177: 4 166 174
178: 4 165 173
179: 3 164 170
180: 2 163 169

1: 2 3 4
2: 1 177 182
3: 1 178 179
4: 1 180 181
5: 69 70 71
6: 12 51 57
7: 12 56 58
8: 13 52 59
9: 14 53 60
10: 14 55 62
11: 13 54 61
12: 6 7 114
13: 8 11 116
14: 9 10 115
15: 19 25 96
16: 17 24 97
17: 16 21 98
18: 20 26 101
19: 15 22 99
20: 18 23 100
21: 17 28 102
22: 19 32 103
23: 20 31 104
24: 16 27 105
25: 15 29 107
26: 18 30 106
27: 24 35 84
28: 21 36 85
29: 25 34 87
30: 26 33 86
31: 23 37 89
32: 22 38 88
33: 30 68 78
34: 29 63 79
35: 27 64 80
36: 28 65 83
37: 31 67 81
38: 32 66 82
39: 44 56 73
40: 41 52 74
41: 40 54 75
42: 43 55 72
43: 42 53 77
44: 39 51 76
45: 48 57 79
46: 47 58 78
47: 46 59 83
48: 45 60 80
49: 50 62 81
50: 49 61 82
51: 6 44 94
52: 8 40 92
53: 9 43 93
54: 11 41 91
55: 10 42 95
56: 7 39 90
57: 6 45 84
58: 7 46 85
59: 8 47 86
60: 9 48 87
61: 11 50 89
62: 10 49 88
63: 34 91 108
64: 35 92 109
65: 36 93 110
66: 38 94 111
67: 37 90 113
68: 33 95 112
69: 5 73 74
70: 5 72 75
71: 5 76 77
72: 42 70 128
73: 39 69 123
74: 40 69 124
75: 41 70 126
76: 44 71 127
77: 43 71 125
78: 33 46 118
79: 34 45 119
80: 35 48 122
81: 37 49 117
82: 38 50 121
83: 36 47 120
84: 27 57 141
85: 28 58 142
86: 30 59 143
87: 29 60 144
88: 32 62 146
89: 31 61 145
90: 56 67 136
91: 54 63 140
92: 52 64 137
93: 53 65 138
94: 51 66 135
95: 55 68 139
96: 15 108 130
97: 16 109 131
98: 17 110 132
99: 19 111 134
100: 20 113 133
101: 18 112 129
102: 21 103 130
103: 22 102 131
104: 23 105 132
105: 24 104 129
106: 26 107 134
107: 25 106 133
108: 63 96 126
109: 64 97 124
110: 65 98 125
111: 66 99 127
112: 68 101 128
113: 67 100 123
114: 12 118 119
115: 14 117 122
116: 13 120 121
117: 81 115 158
118: 78 114 155
119: 79 114 156
120: 83 116 154
121: 82 116 153
122: 80 115 157
123: 73 113 160
124: 74 109 161
125: 77 110 162
126: 75 108 164
127: 76 111 163
128: 72 112 159
129: 101 105 147
130: 96 102 152
131: 97 103 149
132: 98 104 150
133: 100 107 148
134: 99 106 151
135: 94 141 153
136: 90 142 158
137: 92 143 157
138: 93 144 154
139: 95 146 155
140: 91 145 156
141: 84 135 147
142: 85 136 152
143: 86 137 151
144: 87 138 148
145: 89 140 150
146: 88 139 149
147: 129 141 165
148: 133 144 166
149: 131 146 167
150: 132 145 168
151: 134 143 170
152: 130 142 169
153: 121 135 171
154: 120 138 172
155: 118 139 173
156: 119 140 174
157: 122 137 176
158: 117 136 175
159: 128 164 165
160: 123 161 166
161: 124 160 167
162: 125 163 168
163: 127 162 170
164: 126 159 169
165: 147 159 177
166: 148 160 178
167: 149 161 179
168: 150 162 180
169: 152 164 182
170: 151 163 181
171: 153 172 177
172: 154 171 178
173: 155 174 179
174: 156 173 180
175: 158 176 182
176: 157 175 181
177: 2 165 171
178: 3 166 172
179: 3 167 173
180: 4 168 174
181: 4 170 176
182: 2 169 175

1: 2 3 4
2: 1 188 192
3: 1 187 191
4: 1 189 190
5: 6 7 16
6: 5 8 15
7: 5 10 21
8: 6 11 22
9: 10 11 14
10: 7 9 12
11: 8 9 13
12: 10 20 32
13: 11 19 31
14: 9 17 18
15: 6 18 20
16: 5 17 19
17: 14 16 25
18: 14 15 26
19: 13 16 30
20: 12 15 29
21: 7 26 28
22: 8 25 27
23: 38 43 64
24: 37 44 63
25: 17 22 34
26: 18 21 33
27: 22 30 42
28: 21 29 41
29: 20 28 39
30: 19 27 40
31: 13 34 35
32: 12 33 36
33: 26 32 52
34: 25 31 51
35: 31 42 50
36: 32 41 49
37: 24 40 50
38: 23 39 49
39: 29 38 52
40: 30 37 51
41: 28 36 48
42: 27 35 47
43: 23 46 48
44: 24 45 47
45: 44 58 70
46: 43 57 69
47: 42 44 54
48: 41 43 53
49: 36 38 55
50: 35 37 56
51: 34 40 54
52: 33 39 53
53: 48 52 62
54: 47 51 61
55: 49 57 62
56: 50 58 61
57: 46 55 60
58: 45 56 59
59: 58 66 79
60: 57 65 80
61: 54 56 68
62: 53 55 67
63: 24 66 68
64: 23 65 67
65: 60 64 78
66: 59 63 77
67: 62 64 74
68: 61 63 73
69: 46 74 75
70: 45 73 76
71: 86 92 111
72: 85 91 112
73: 68 70 82
74: 67 69 81
75: 69 78 90
76: 70 77 89
77: 66 76 88
78: 65 75 87
79: 59 82 84
80: 60 81 83
81: 74 80 100
82: 73 79 99
83: 80 90 98
84: 79 89 97
85: 72 87 98
86: 71 88 97
87: 78 85 100
88: 77 86 99
89: 76 84 95
90: 75 83 96
91: 72 94 96
92: 71 93 95
93: 92 106 118
94: 91 105 117
95: 89 92 102
96: 90 91 101
97: 84 86 104
98: 83 85 103
99: 82 88 102
100: 81 87 101
101: 96 100 110
102: 95 99 109
103: 98 105 110
104: 97 106 109
105: 94 103 108
106: 93 104 107
107: 106 114 127
108: 105 113 128
109: 102 104 116
110: 101 103 115
111: 71 114 116
112: 72 113 115
113: 108 112 126
114: 107 111 125
115: 110 112 122
116: 109 111 121
117: 94 122 123
118: 93 121 124
119: 134 140 159
120: 133 139 160
121: 116 118 130
122: 115 117 129
123: 117 126 138
124: 118 125 137
125: 114 124 136
126: 113 123 135
127: 107 130 132
128: 108 129 131
129: 122 128 148
130: 121 127 147
131: 128 138 146
132: 127 137 145
133: 120 135 146
134: 119 136 145
135: 126 133 148
136: 125 134 147
137: 124 132 143
138: 123 131 144
139: 120 142 144
140: 119 141 143
141: 140 154 166
142: 139 153 165
143: 137 140 150
144: 138 139 149
145: 132 134 152
146: 131 133 151
147: 130 136 150
148: 129 135 149
149: 144 148 158
150: 143 147 157
151: 146 153 158
152: 145 154 157
153: 142 151 156
154: 141 152 155
155: 154 162 173
156: 153 161 174
157: 150 152 164
158: 149 151 163
159: 119 162 164
160: 120 161 163
161: 156 160 172
162: 155 159 171
163: 158 160 168
164: 157 159 167
165: 142 168 170
166: 141 167 169
167: 164 166 176
168: 163 165 175
169: 166 171 180
170: 165 172 179
171: 162 169 182
172: 161 170 181
173: 155 176 177
174: 156 175 178
175: 168 174 192
176: 167 173 191
177: 173 180 190
178: 174 179 189
179: 170 178 188
180: 169 177 187
181: 172 186 192
182: 171 185 191
183: 184 186 187
184: 183 185 188
185: 182 184 190
186: 181 183 189
187: 3 180 183
188: 2 179 184
189: 4 178 186
190: 4 177 185
191: 3 176 182
192: 2 175 181

1: 2 3 4
2: 1 200 204
3: 1 199 203
4: 1 201 202
5: 7 9 27
6: 8 10 28
7: 5 12 14
8: 6 11 13
9: 5 13 15
10: 6 14 16
11: 8 18 33
12: 7 17 34
13: 8 9 20
14: 7 10 19
15: 9 16 22
16: 10 15 21
17: 12 22 24
18: 11 21 23
19: 14 20 25
20: 13 19 26
21: 16 18 26
22: 15 17 25
23: 18 29 44
24: 17 30 43
25: 19 22 32
26: 20 21 31
27: 5 30 32
28: 6 29 31
29: 23 28 42
30: 24 27 41
31: 26 28 38
32: 25 27 37
33: 11 38 39
34: 12 37 40
35: 50 56 75
36: 49 55 76
37: 32 34 46
38: 31 33 45
39: 33 42 54
40: 34 41 53
41: 30 40 52
42: 29 39 51
43: 24 46 48
44: 23 45 47
45: 38 44 64
46: 37 43 63
47: 44 54 62
48: 43 53 61
49: 36 51 62
50: 35 52 61
51: 42 49 64
52: 41 50 63
53: 40 48 59
54: 39 47 60
55: 36 58 60
56: 35 57 59
57: 56 70 82
58: 55 69 81
59: 53 56 66
60: 54 55 65
61: 48 50 68
62: 47 49 67
63: 46 52 66
64: 45 51 65
65: 60 64 74
66: 59 63 73
67: 62 69 74
68: 61 70 73
69: 58 67 72
70: 57 68 71
71: 70 78 91
72: 69 77 92
73: 66 68 80
74: 65 67 79
75: 35 78 80
76: 36 77 79
77: 72 76 90
78: 71 75 89
79: 74 76 86
80: 73 75 85
81: 58 86 87
82: 57 85 88
83: 98 104 123
84: 97 103 124
85: 80 82 94
86: 79 81 93
87: 81 90 102
88: 82 89 101
89: 78 88 100
90: 77 87 99
91: 71 94 96
92: 72 93 95
93: 86 92 112
94: 85 91 111
95: 92 102 110
96: 91 101 109
97: 84 99 110
98: 83 100 109
99: 90 97 112
100: 89 98 111
101: 88 96 107
102: 87 95 108
103: 84 106 108
104: 83 105 107
105: 104 118 130
106: 103 117 129
107: 101 104 114
108: 102 103 113
109: 96 98 116
110: 95 97 115
111: 94 100 114
112: 93 99 113
113: 108 112 122
114: 107 111 121
115: 110 117 122
116: 109 118 121
117: 106 115 120
118: 105 116 119
119: 118 126 139
120: 117 125 140
121: 114 116 128
122: 113 115 127
123: 83 126 128
124: 84 125 127
125: 120 124 138
126: 119 123 137
127: 122 124 134
128: 121 123 133
129: 106 134 135
130: 105 133 136
131: 146 152 171
132: 145 151 172
133: 128 130 142
134: 127 129 141
135: 129 138 150
136: 130 137 149
137: 126 136 148
138: 125 135 147
139: 119 142 144
140: 120 141 143
141: 134 140 160
142: 133 139 159
143: 140 150 158
144: 139 149 157
145: 132 147 158
146: 131 148 157
147: 138 145 160
148: 137 146 159
149: 136 144 155
150: 135 143 156
151: 132 154 156
152: 131 153 155
153: 152 166 178
154: 151 165 177
155: 149 152 162
156: 150 151 161
157: 144 146 164
158: 143 145 163
159: 142 148 162
160: 141 147 161
161: 156 160 170
162: 155 159 169
163: 158 165 170
164: 157 166 169
165: 154 163 168
166: 153 164 167
167: 166 174 185
168: 165 173 186
169: 162 164 176
170: 161 163 175
171: 131 174 176
172: 132 173 175
173: 168 172 184
174: 167 171 183
175: 170 172 180
176: 169 171 179
177: 154 180 182
178: 153 179 181
179: 176 178 188
180: 175 177 187
181: 178 183 192
182: 177 184 191
183: 174 181 194
184: 173 182 193
185: 167 188 189
186: 168 187 190
187: 180 186 204
188: 179 185 203
189: 185 192 202
190: 186 191 201
191: 182 190 200
192: 181 189 199
193: 184 198 204
194: 183 197 203
195: 196 198 199
196: 195 197 200
197: 194 196 202
198: 193 195 201
199: 3 192 195
200: 2 191 196
201: 4 190 198
202: 4 189 197
203: 3 188 194
204: 2 187 193

1: 2 3 4
2: 1 212 216
3: 1 211 215
4: 1 213 214
5: 10 11 18
6: 12 19 39
7: 13 20 40
8: 9 15 16
9: 8 14 17
10: 5 15 22
11: 5 14 21
12: 6 17 22
13: 7 16 21
14: 9 11 28
15: 8 10 27
16: 8 13 26
17: 9 12 25
18: 5 25 26
19: 6 23 27
20: 7 24 28
21: 11 13 32
22: 10 12 31
23: 19 34 46
24: 20 33 45
25: 17 18 30
26: 16 18 29
27: 15 19 30
28: 14 20 29
29: 26 28 38
30: 25 27 37
31: 22 34 37
32: 21 33 38
33: 24 32 36
34: 23 31 35
35: 34 42 55
36: 33 41 56
37: 30 31 44
38: 29 32 43
39: 6 42 44
40: 7 41 43
41: 36 40 54
42: 35 39 53
43: 38 40 50
44: 37 39 49
45: 24 50 51
46: 23 49 52
47: 62 68 87
48: 61 67 88
49: 44 46 58
50: 43 45 57
51: 45 54 66
52: 46 53 65
53: 42 52 64
54: 41 51 63
55: 35 58 60
56: 36 57 59
57: 50 56 76
58: 49 55 75
59: 56 66 74
60: 55 65 73
61: 48 63 74
62: 47 64 73
63: 54 61 76
64: 53 62 75
65: 52 60 71
66: 51 59 72
67: 48 70 72
68: 47 69 71
69: 68 82 94
70: 67 81 93
71: 65 68 78
72: 66 67 77
73: 60 62 80
74: 59 61 79
75: 58 64 78
76: 57 63 77
77: 72 76 86
78: 71 75 85
79: 74 81 86
80: 73 82 85
81: 70 79 84
82: 69 80 83
83: 82 90 103
84: 81 89 104
85: 78 80 92
86: 77 79 91
87: 47 90 92
88: 48 89 91
89: 84 88 102
90: 83 87 101
91: 86 88 98
92: 85 87 97
93: 70 98 99
94: 69 97 100
95: 110 116 135
96: 109 115 136
97: 92 94 106
98: 91 93 105
99: 93 102 114
100: 94 101 113
101: 90 100 112
102: 89 99 111
103: 83 106 108
104: 84 105 107
105: 98 104 124
106: 97 103 123
107: 104 114 122
108: 103 113 121
109: 96 111 122
110: 95 112 121
111: 102 109 124
112: 101 110 123
113: 100 108 119
114: 99 107 120
115: 96 118 120
116: 95 117 119
117: 116 130 142
118: 115 129 141
119: 113 116 126
120: 114 115 125
121: 108 110 128
122: 107 109 127
123: 106 112 126
124: 105 111 125
125: 120 124 134
126: 119 123 133
127: 122 129 134
128: 121 130 133
129: 118 127 132
130: 117 128 131
131: 130 138 151
132: 129 137 152
133: 126 128 140
134: 125 127 139
135: 95 138 140
136: 96 137 139
137: 132 136 150
138: 131 135 149
139: 134 136 146
140: 133 135 145
141: 118 146 147
142: 117 145 148
143: 158 164 183
144: 157 163 184
145: 140 142 154
146: 139 141 153
147: 141 150 162
148: 142 149 161
149: 138 148 160
150: 137 147 159
151: 131 154 156
152: 132 153 155
153: 146 152 172
154: 145 151 171
155: 152 162 170
156: 151 161 169
157: 144 159 170
158: 143 160 169
159: 150 157 172
160: 149 158 171
161: 148 156 167
162: 147 155 168
163: 144 166 168
164: 143 165 167
165: 164 178 190
166: 163 177 189
167: 161 164 174
168: 162 163 173
169: 156 158 176
170: 155 157 175
171: 154 160 174
172: 153 159 173
173: 168 172 182
174: 167 171 181
175: 170 177 182
176: 169 178 181
177: 166 175 180
178: 165 176 179
179: 178 186 197
180: 177 185 198
181: 174 176 188
182: 173 175 187
183: 143 186 188
184: 144 185 187
185: 180 184 196
186: 179 183 195
187: 182 184 192
188: 181 183 191
189: 166 192 194
190: 165 191 193
191: 188 190 200
192: 187 189 199
193: 190 195 204
194: 189 196 203
195: 186 193 206
196: 185 194 205
197: 179 200 201
198: 180 199 202
199: 192 198 216
200: 191 197 215
201: 197 204 214
202: 198 203 213
203: 194 202 212
204: 193 201 211
205: 196 210 216
206: 195 209 215
207: 208 210 211
208: 207 209 212
209: 206 208 214
210: 205 207 213
211: 3 204 207
212: 2 203 208
213: 4 202 210
214: 4 201 209
215: 3 200 206
216: 2 199 205

1: 2 3 4
2: 1 224 228
3: 1 223 227
4: 1 225 226
5: 9 15 17
6: 10 16 18
7: 8 10 20
8: 7 9 19
9: 5 8 13
10: 6 7 14
11: 30 31 52
12: 29 32 51
13: 9 18 27
14: 10 17 28
15: 5 16 21
16: 6 15 22
17: 5 14 26
18: 6 13 25
19: 8 22 24
20: 7 21 23
21: 15 20 39
22: 16 19 40
23: 20 26 38
24: 19 25 37
25: 18 24 36
26: 17 23 35
27: 13 30 40
28: 14 29 39
29: 12 28 38
30: 11 27 37
31: 11 34 36
32: 12 33 35
33: 32 46 58
34: 31 45 57
35: 26 32 42
36: 25 31 41
37: 24 30 43
38: 23 29 44
39: 21 28 42
40: 22 27 41
41: 36 40 50
42: 35 39 49
43: 37 45 50
44: 38 46 49
45: 34 43 48
46: 33 44 47
47: 46 54 67
48: 45 53 68
49: 42 44 56
50: 41 43 55
51: 12 54 56
52: 11 53 55
53: 48 52 66
54: 47 51 65
55: 50 52 62
56: 49 51 61
57: 34 62 63
58: 33 61 64
59: 74 80 99
60: 73 79 100
61: 56 58 70
62: 55 57 69
63: 57 66 78
64: 58 65 77
65: 54 64 76
66: 53 63 75
67: 47 70 72
68: 48 69 71
69: 62 68 88
70: 61 67 87
71: 68 78 86
72: 67 77 85
73: 60 75 86
74: 59 76 85
75: 66 73 88
76: 65 74 87
77: 64 72 83
78: 63 71 84
79: 60 82 84
80: 59 81 83
81: 80 94 106
82: 79 93 105
83: 77 80 90
84: 78 79 89
85: 72 74 92
86: 71 73 91
87: 70 76 90
88: 69 75 89
89: 84 88 98
90: 83 87 97
91: 86 93 98
92: 85 94 97
93: 82 91 96
94: 81 92 95
95: 94 102 115
96: 93 101 116
97: 90 92 104
98: 89 91 103
99: 59 102 104
100: 60 101 103
101: 96 100 114
102: 95 99 113
103: 98 100 110
104: 97 99 109
105: 82 110 111
106: 81 109 112
107: 122 128 147
108: 121 127 148
109: 104 106 118
110: 103 105 117
111: 105 114 126
112: 106 113 125
113: 102 112 124
114: 101 111 123
115: 95 118 120
116: 96 117 119
117: 110 116 136
118: 109 115 135
119: 116 126 134
120: 115 125 133
121: 108 123 134
122: 107 124 133
123: 114 121 136
124: 113 122 135
125: 112 120 131
126: 111 119 132
127: 108 130 132
128: 107 129 131
129: 128 142 154
130: 127 141 153
131: 125 128 138
132: 126 127 137
133: 120 122 140
134: 119 121 139
135: 118 124 138
136: 117 123 137
137: 132 136 146
138: 131 135 145
139: 134 141 146
140: 133 142 145
141: 130 139 144
142: 129 140 143
143: 142 150 163
144: 141 149 164
145: 138 140 152
146: 137 139 151
147: 107 150 152
148: 108 149 151
149: 144 148 162
150: 143 147 161
151: 146 148 158
152: 145 147 157
153: 130 158 159
154: 129 157 160
155: 170 176 195
156: 169 175 196
157: 152 154 166
158: 151 153 165
159: 153 162 174
160: 154 161 173
161: 150 160 172
162: 149 159 171
163: 143 166 168
164: 144 165 167
165: 158 164 184
166: 157 163 183
167: 164 174 182
168: 163 173 181
169: 156 171 182
170: 155 172 181
171: 162 169 184
172: 161 170 183
173: 160 168 179
174: 159 167 180
175: 156 178 180
176: 155 177 179
177: 176 190 202
178: 175 189 201
179: 173 176 186
180: 174 175 185
181: 168 170 188
182: 167 169 187
183: 166 172 186
184: 165 171 185
185: 180 184 194
186: 179 183 193
187: 182 189 194
188: 181 190 193
189: 178 187 192
190: 177 188 191
191: 190 198 209
192: 189 197 210
193: 186 188 200
194: 185 187 199
195: 155 198 200
196: 156 197 199
197: 192 196 208
198: 191 195 207
199: 194 196 204
200: 193 195 203
201: 178 204 206
202: 177 203 205
203: 200 202 212
204: 199 201 211
205: 202 207 216
206: 201 208 215
207: 198 205 218
208: 197 206 217
209: 191 212 213
210: 192 211 214
211: 204 210 228
212: 203 209 227
213: 209 216 226
214: 210 215 225
215: 206 214 224
216: 205 213 223
217: 208 222 228
218: 207 221 227
219: 220 222 223
220: 219 221 224
221: 218 220 226
222: 217 219 225
223: 3 216 219
224: 2 215 220
225: 4 214 222
226: 4 213 221
227: 3 212 218
228: 2 211 217

1: 2 3 4
2: 1 236 240
3: 1 235 239
4: 1 237 238
5: 6 7 16
6: 5 8 15
7: 5 10 21
8: 6 11 22
9: 10 11 14
10: 7 9 12
11: 8 9 13
12: 10 20 32
13: 11 19 31
14: 9 17 18
15: 6 18 20
16: 5 17 19
17: 14 16 25
18: 14 15 26
19: 13 16 30
20: 12 15 29
21: 7 26 28
22: 8 25 27
23: 38 43 64
24: 37 44 63
25: 17 22 34
26: 18 21 33
27: 22 30 42
28: 21 29 41
29: 20 28 39
30: 19 27 40
31: 13 34 35
32: 12 33 36
33: 26 32 52
34: 25 31 51
35: 31 42 50
36: 32 41 49
37: 24 40 50
38: 23 39 49
39: 29 38 52
40: 30 37 51
41: 28 36 48
42: 27 35 47
43: 23 46 48
44: 24 45 47
45: 44 58 70
46: 43 57 69
47: 42 44 54
48: 41 43 53
49: 36 38 55
50: 35 37 56
51: 34 40 54
52: 33 39 53
53: 48 52 62
54: 47 51 61
55: 49 57 62
56: 50 58 61
57: 46 55 60
58: 45 56 59
59: 58 66 79
60: 57 65 80
61: 54 56 68
62: 53 55 67
63: 24 66 68
64: 23 65 67
65: 60 64 78
66: 59 63 77
67: 62 64 74
68: 61 63 73
69: 46 74 75
70: 45 73 76
71: 86 92 111
72: 85 91 112
73: 68 70 82
74: 67 69 81
75: 69 78 90
76: 70 77 89
77: 66 76 88
78: 65 75 87
79: 59 82 84
80: 60 81 83
81: 74 80 100
82: 73 79 99
83: 80 90 98
84: 79 89 97
85: 72 87 98
86: 71 88 97
87: 78 85 100
88: 77 86 99
89: 76 84 95
90: 75 83 96
91: 72 94 96
92: 71 93 95
93: 92 106 118
94: 91 105 117
95: 89 92 102
96: 90 91 101
97: 84 86 104
98: 83 85 103
99: 82 88 102
100: 81 87 101
101: 96 100 110
102: 95 99 109
103: 98 105 110
104: 97 106 109
105: 94 103 108
106: 93 104 107
107: 106 114 127
108: 105 113 128
109: 102 104 116
110: 101 103 115
111: 71 114 116
112: 72 113 115
113: 108 112 126
114: 107 111 125
115: 110 112 122
116: 109 111 121
117: 94 122 123
118: 93 121 124
119: 134 140 159
120: 133 139 160
121: 116 118 130
122: 115 117 129
123: 117 126 138
124: 118 125 137
125: 114 124 136
126: 113 123 135
127: 107 130 132
128: 108 129 131
129: 122 128 148
130: 121 127 147
131: 128 138 146
132: 127 137 145
133: 120 135 146
134: 119 136 145
135: 126 133 148
136: 125 134 147
137: 124 132 143
138: 123 131 144
139: 120 142 144
140: 119 141 143
141: 140 154 166
142: 139 153 165
143: 137 140 150
144: 138 139 149
145: 132 134 152
146: 131 133 151
147: 130 136 150
148: 129 135 149
149: 144 148 158
150: 143 147 157
151: 146 153 158
152: 145 154 157
153: 142 151 156
154: 141 152 155
155: 154 162 175
156: 153 161 176
157: 150 152 164
158: 149 151 163
159: 119 162 164
160: 120 161 163
161: 156 160 174
162: 155 159 173
163: 158 160 170
164: 157 159 169
165: 142 170 171
166: 141 169 172
167: 182 188 207
168: 181 187 208
169: 164 166 178
170: 163 165 177
171: 165 174 186
172: 166 173 185
173: 162 172 184
174: 161 171 183
175: 155 178 180
176: 156 177 179
177: 170 176 196
178: 169 175 195
179: 176 186 194
180: 175 185 193
181: 168 183 194
182: 167 184 193
183: 174 181 196
184: 173 182 195
185: 172 180 191
186: 171 179 192
187: 168 190 192
188: 167 189 191
189: 188 202 214
190: 187 201 213
191: 185 188 198
192: 186 187 197
193: 180 182 200
194: 179 181 199
195: 178 184 198
196: 177 183 197
197: 192 196 206
198: 191 195 205
199: 194 201 206
200: 193 202 205
201: 190 199 204
202: 189 200 203
203: 202 210 221
204: 201 209 222
205: 198 200 212
206: 197 199 211
207: 167 210 212
208: 168 209 211
209: 204 208 220
210: 203 207 219
211: 206 208 216
212: 205 207 215
213: 190 216 218
214: 189 215 217
215: 212 214 224
216: 211 213 223
217: 214 219 228
218: 213 220 227
219: 210 217 230
220: 209 218 229
221: 203 224 225
222: 204 223 226
223: 216 222 240
224: 215 221 239
225: 221 228 238
226: 222 227 237
227: 218 226 236
228: 217 225 235
229: 220 234 240
230: 219 233 239
231: 232 234 235
232: 231 233 236
233: 230 232 238
234: 229 231 237
235: 3 228 231
236: 2 227 232
237: 4 226 234
238: 4 225 233
239: 3 224 230
240: 2 223 229

1: 2 3 4
2: 1 25 27
3: 1 26 29
4: 1 28 30
5: 15 22 24
6: 13 18 23
7: 14 19 21
8: 12 20 24
9: 12 16 17
10: 11 21 22
11: 10 12 23
12: 8 9 11
13: 6 14 25
14: 7 13 26
15: 5 16 26
16: 9 15 27
17: 9 18 28
18: 6 17 29
19: 7 20 30
20: 8 19 29
21: 7 10 27
22: 5 10 28
23: 6 11 30
24: 5 8 25
25: 2 13 24
26: 3 14 15
27: 2 16 21
28: 4 17 22
29: 3 18 20
30: 4 19 23

1: 2 3 4
2: 1 27 29
3: 1 28 30
4: 1 31 32
5: 12 15 16
6: 12 19 26
7: 11 17 18
8: 11 23 25
9: 13 21 24
10: 14 20 22
11: 7 8 24
12: 5 6 23
13: 9 14 26
14: 10 13 25
15: 5 20 27
16: 5 21 28
17: 7 22 29
18: 7 19 30
19: 6 18 31
20: 10 15 30
21: 9 16 31
22: 10 17 32
23: 8 12 32
24: 9 11 27
25: 8 14 28
26: 6 13 29
27: 2 15 24
28: 3 16 25
29: 2 17 26
30: 3 18 20
31: 4 19 21
32: 4 22 23

1: 2 3 4
2: 1 27 28
3: 1 30 31
4: 1 29 32
5: 14 22 23
6: 8 24 25
7: 9 24 26
8: 6 16 22
9: 7 17 23
10: 13 19 21
11: 12 18 20
12: 11 14 26
13: 10 14 25
14: 5 12 13
15: 18 19 27
16: 8 21 28
17: 9 20 28
18: 11 15 30
19: 10 15 29
20: 11 17 32
21: 10 16 31
22: 5 8 30
23: 5 9 29
24: 6 7 27
25: 6 13 32
26: 7 12 31
27: 2 15 24
28: 2 16 17
29: 4 19 23
30: 3 18 22
31: 3 21 26
32: 4 20 25

1: 2 3 4
2: 1 29 32
3: 1 31 34
4: 1 30 33
5: 8 11 26
6: 10 12 28
7: 9 13 27
8: 5 18 22
9: 7 19 20
10: 6 17 21
11: 5 23 27
12: 6 25 26
13: 7 24 28
14: 17 18 19
15: 20 21 22
16: 23 24 25
17: 10 14 29
18: 8 14 31
19: 9 14 30
20: 9 15 32
21: 10 15 34
22: 8 15 33
23: 11 16 29
24: 13 16 31
25: 12 16 30
26: 5 12 32
27: 7 11 34
28: 6 13 33
29: 2 17 23
30: 4 19 25
31: 3 18 24
32: 2 20 26
33: 4 22 28
34: 3 21 27

1: 2 3 4
2: 1 29 30
3: 1 33 34
4: 1 31 32
5: 6 13 14
6: 5 7 8
7: 6 11 27
8: 6 12 28
9: 10 18 26
10: 9 17 25
11: 7 21 23
12: 8 22 24
13: 5 18 20
14: 5 17 19
15: 20 21 24
16: 19 22 23
17: 10 14 30
18: 9 13 29
19: 14 16 34
20: 13 15 33
21: 11 15 30
22: 12 16 29
23: 11 16 32
24: 12 15 31
25: 10 28 32
26: 9 27 31
27: 7 26 34
28: 8 25 33
29: 2 18 22
30: 2 17 21
31: 4 24 26
32: 4 23 25
33: 3 20 28
34: 3 19 27

1: 2 3 4
2: 1 23 28
3: 1 24 27
4: 1 25 26
5: 13 17 19
6: 14 18 22
7: 16 17 21
8: 15 18 20
9: 10 19 20
10: 9 21 22
11: 14 16 28
12: 13 15 28
13: 5 12 26
14: 6 11 24
15: 8 12 27
16: 7 11 25
17: 5 7 23
18: 6 8 23
19: 5 9 24
20: 8 9 25
21: 7 10 27
22: 6 10 26
23: 2 17 18
24: 3 14 19
25: 4 16 20
26: 4 13 22
27: 3 15 21
28: 2 11 12

1: 2 3 4
2: 1 23 24
3: 1 26 28
4: 1 25 27
5: 9 13 15
6: 10 14 16
7: 10 18 19
8: 9 17 20
9: 5 8 21
10: 6 7 22
11: 20 22 28
12: 19 21 27
13: 5 14 28
14: 6 13 27
15: 5 18 24
16: 6 17 24
17: 8 16 26
18: 7 15 25
19: 7 12 26
20: 8 11 25
21: 9 12 23
22: 10 11 23
23: 2 21 22
24: 2 15 16
25: 4 18 20
26: 3 17 19
27: 4 12 14
28: 3 11 13

1: 2 3 4
2: 1 25 26
3: 1 28 30
4: 1 27 29
5: 11 21 23
6: 12 22 24
7: 8 9 16
8: 7 10 15
9: 7 11 18
10: 8 12 17
11: 5 9 19
12: 6 10 20
13: 18 20 30
14: 17 19 29
15: 8 21 30
16: 7 22 29
17: 10 14 28
18: 9 13 27
19: 11 14 26
20: 12 13 26
21: 5 15 25
22: 6 16 25
23: 5 24 28
24: 6 23 27
25: 2 21 22
26: 2 19 20
27: 4 18 24
28: 3 17 23
29: 4 14 16
30: 3 13 15

1: 2 3 4
2: 1 79 84
3: 1 80 82
4: 1 81 83
5: 6 58 65
6: 5 7 8
7: 6 49 57
8: 6 48 64
9: 20 32 57
10: 11 12 63
11: 10 45 61
12: 10 46 47
13: 14 40 61
14: 13 26 56
15: 34 42 56
16: 19 29 49
17: 24 30 49
18: 19 51 59
19: 16 18 20
20: 9 19 48
21: 22 23 34
22: 21 32 37
23: 21 30 31
24: 17 37 48
25: 26 29 33
26: 14 25 28
27: 28 30 35
28: 26 27 32
29: 16 25 31
30: 17 23 27
31: 23 29 52
32: 9 22 28
33: 25 36 44
34: 15 21 43
35: 27 36 41
36: 33 35 42
37: 22 24 41
38: 39 40 54
39: 38 45 55
40: 13 38 46
41: 35 37 47
42: 15 36 46
43: 34 44 47
44: 33 43 45
45: 11 39 44
46: 12 40 42
47: 12 41 43
48: 8 20 24
49: 7 16 17
50: 60 66 69
51: 18 65 70
52: 31 58 67
53: 60 62 70
54: 38 63 69
55: 39 62 68
56: 14 15 68
57: 7 9 67
58: 5 52 72
59: 18 64 72
60: 50 53 71
61: 11 13 71
62: 53 55 78
63: 10 54 77
64: 8 59 76
65: 5 51 75
66: 50 73 74
67: 52 57 79
68: 55 56 80
69: 50 54 80
70: 51 53 79
71: 60 61 82
72: 58 59 81
73: 66 78 84
74: 66 77 83
75: 65 76 84
76: 64 75 83
77: 63 74 82
78: 62 73 81
79: 2 67 70
80: 3 68 69
81: 4 72 78
82: 3 71 77
83: 4 74 76
84: 2 73 75

1: 2 3 4
2: 1 43 45
3: 1 44 46
4: 1 47 48
5: 14 26 28
6: 13 25 27
7: 9 12 24
8: 10 11 23
9: 7 13 20
10: 8 14 21
11: 8 13 19
12: 7 14 22
13: 6 9 11
14: 5 10 12
15: 17 22 42
16: 18 30 36
17: 15 18 34
18: 16 17 35
19: 11 26 39
20: 9 21 32
21: 10 20 35
22: 12 15 33
23: 8 24 38
24: 7 23 36
25: 6 29 31
26: 5 19 31
27: 6 28 41
28: 5 27 34
29: 25 32 33
30: 16 37 40
31: 25 26 43
32: 20 29 46
33: 22 29 47
34: 17 28 46
35: 18 21 48
36: 16 24 47
37: 30 42 44
38: 23 40 48
39: 19 41 45
40: 30 38 45
41: 27 39 44
42: 15 37 43
43: 2 31 42
44: 3 37 41
45: 2 39 40
46: 3 32 34
47: 4 33 36
48: 4 35 38

1: 2 3 4
2: 1 33 34
3: 1 35 38
4: 1 36 37
5: 6 11 22
6: 5 12 31
7: 8 10 25
8: 7 9 21
9: 8 13 24
10: 7 17 22
11: 5 20 26
12: 6 18 23
13: 9 19 32
14: 15 16 21
15: 14 26 27
16: 14 23 28
17: 10 28 29
18: 12 25 30
19: 13 27 30
20: 11 24 29
21: 8 14 37
22: 5 10 33
23: 12 16 34
24: 9 20 34
25: 7 18 38
26: 11 15 38
27: 15 19 33
28: 16 17 35
29: 17 20 36
30: 18 19 36
31: 6 32 37
32: 13 31 35
33: 2 22 27
34: 2 23 24
35: 3 28 32
36: 4 29 30
37: 4 21 31
38: 3 25 26

1: 2 3 4
2: 1 25 26
3: 1 27 28
4: 1 29 30
5: 6 13 21
6: 5 14 22
7: 11 16 21
8: 12 19 24
9: 10 20 24
10: 9 17 23
11: 7 18 23
12: 8 15 22
13: 5 17 27
14: 6 20 26
15: 12 16 25
16: 7 15 28
17: 10 13 25
18: 11 19 26
19: 8 18 27
20: 9 14 28
21: 5 7 29
22: 6 12 30
23: 10 11 30
24: 8 9 29
25: 2 15 17
26: 2 14 18
27: 3 13 19
28: 3 16 20
29: 4 21 24
30: 4 22 23

1: 2 3 4
2: 1 21 22
3: 1 23 26
4: 1 24 25
5: 15 17 20
6: 8 18 20
7: 8 14 16
8: 6 7 19
9: 11 13 21
10: 12 18 22
11: 9 19 23
12: 10 17 26
13: 9 16 25
14: 7 15 22
15: 5 14 23
16: 7 13 26
17: 5 12 24
18: 6 10 25
19: 8 11 24
20: 5 6 21
21: 2 9 20
22: 2 10 14
23: 3 11 15
24: 4 17 19
25: 4 13 18
26: 3 12 16

1: 2 3 4
2: 1 31 34
3: 1 32 35
4: 1 33 36
5: 13 15 18
6: 14 16 17
7: 9 13 24
8: 12 15 20
9: 7 16 21
10: 11 18 22
11: 10 14 19
12: 8 17 23
13: 5 7 25
14: 6 11 26
15: 5 8 27
16: 6 9 28
17: 6 12 29
18: 5 10 30
19: 11 25 36
20: 8 26 31
21: 9 27 32
22: 10 28 33
23: 12 30 34
24: 7 29 35
25: 13 19 31
26: 14 20 32
27: 15 21 33
28: 16 22 34
29: 17 24 36
30: 18 23 35
31: 2 20 25
32: 3 21 26
33: 4 22 27
34: 2 23 28
35: 3 24 30
36: 4 19 29

