1: 2 3 4
2: 1 53 56
3: 1 54 58
4: 1 55 57
5: 26 36 37
6: 24 31 37
7: 22 35 40
8: 27 33 39
9: 25 34 38
10: 16 29 40
11: 16 21 28
12: 16 32 36
13: 15 38 39
14: 15 20 30
15: 13 14 23
16: 10 11 12
17: 30 35 51
18: 32 34 52
19: 31 33 50
20: 14 24 42
21: 11 23 47
22: 7 26 41
23: 15 21 41
24: 6 20 52
25: 9 29 50
26: 5 22 43
27: 8 28 43
28: 11 27 51
29: 10 25 42
30: 14 17 46
31: 6 19 47
32: 12 18 49
33: 8 19 49
34: 9 18 48
35: 7 17 48
36: 5 12 46
37: 5 6 44
38: 9 13 44
39: 8 13 45
40: 7 10 45
41: 22 23 54
42: 20 29 56
43: 26 27 56
44: 37 38 58
45: 39 40 57
46: 30 36 55
47: 21 31 53
48: 34 35 53
49: 32 33 54
50: 19 25 55
51: 17 28 58
52: 18 24 57
53: 2 47 48
54: 3 41 49
55: 4 46 50
56: 2 42 43
57: 4 45 52
58: 3 44 51

