1: 2 3 4
2: 1 53 56
3: 1 54 55
4: 1 57 58
5: 27 29 37
6: 16 32 40
7: 16 31 37
8: 9 28 40
9: 8 36 38
10: 12 35 39
11: 14 33 34
12: 10 26 38
13: 15 16 39
14: 11 15 36
15: 13 14 30
16: 6 7 13
17: 32 33 52
18: 34 35 51
19: 23 29 45
20: 23 28 44
21: 25 30 47
22: 24 31 46
23: 19 20 48
24: 22 25 50
25: 21 24 49
26: 12 27 52
27: 5 26 43
28: 8 20 47
29: 5 19 42
30: 15 21 43
31: 7 22 44
32: 6 17 45
33: 11 17 50
34: 11 18 41
35: 10 18 49
36: 9 14 42
37: 5 7 41
38: 9 12 46
39: 10 13 48
40: 6 8 51
41: 34 37 55
42: 29 36 56
43: 27 30 58
44: 20 31 53
45: 19 32 54
46: 22 38 54
47: 21 28 55
48: 23 39 57
49: 25 35 56
50: 24 33 57
51: 18 40 58
52: 17 26 53
53: 2 44 52
54: 3 45 46
55: 3 41 47
56: 2 42 49
57: 4 48 50
58: 4 43 51

