1: 2 3 4
2: 1 53 55
3: 1 54 58
4: 1 56 57
5: 25 30 31
6: 8 28 40
7: 16 26 36
8: 6 33 39
9: 15 29 32
10: 12 35 37
11: 13 24 27
12: 10 16 40
13: 11 14 34
14: 13 15 38
15: 9 14 16
16: 7 12 15
17: 18 22 42
18: 17 29 51
19: 21 36 51
20: 27 33 46
21: 19 24 48
22: 17 35 47
23: 28 34 45
24: 11 21 41
25: 5 26 42
26: 7 25 43
27: 11 20 43
28: 6 23 44
29: 9 18 44
30: 5 32 48
31: 5 37 50
32: 9 30 49
33: 8 20 49
34: 13 23 52
35: 10 22 52
36: 7 19 45
37: 10 31 46
38: 14 39 50
39: 8 38 47
40: 6 12 41
41: 24 40 53
42: 17 25 53
43: 26 27 54
44: 28 29 54
45: 23 36 55
46: 20 37 55
47: 22 39 58
48: 21 30 58
49: 32 33 56
50: 31 38 57
51: 18 19 57
52: 34 35 56
53: 2 41 42
54: 3 43 44
55: 2 45 46
56: 4 49 52
57: 4 50 51
58: 3 47 48

