1: 2 3 4
2: 1 65 68
3: 1 66 67
4: 1 69 70
5: 11 13 17
6: 12 15 16
7: 10 14 18
8: 9 19 20
9: 8 42 44
10: 7 46 47
11: 5 43 48
12: 6 41 45
13: 5 29 33
14: 7 32 34
15: 6 32 36
16: 6 30 38
17: 5 31 35
18: 7 31 37
19: 8 29 40
20: 8 30 39
21: 33 46 51
22: 35 42 49
23: 38 47 49
24: 34 43 50
25: 36 44 51
26: 39 48 52
27: 37 41 52
28: 40 45 50
29: 13 19 63
30: 16 20 64
31: 17 18 64
32: 14 15 63
33: 13 21 55
34: 14 24 56
35: 17 22 59
36: 15 25 60
37: 18 27 57
38: 16 23 58
39: 20 26 62
40: 19 28 61
41: 12 27 55
42: 9 22 56
43: 11 24 58
44: 9 25 57
45: 12 28 59
46: 10 21 62
47: 10 23 61
48: 11 26 60
49: 22 23 53
50: 24 28 54
51: 21 25 54
52: 26 27 53
53: 49 52 70
54: 50 51 69
55: 33 41 65
56: 34 42 65
57: 37 44 66
58: 38 43 66
59: 35 45 67
60: 36 48 68
61: 40 47 68
62: 39 46 67
63: 29 32 70
64: 30 31 69
65: 2 55 56
66: 3 57 58
67: 3 59 62
68: 2 60 61
69: 4 54 64
70: 4 53 63

