1: 2 3 4 5
2: 1 56 61 62
3: 1 57 58 63
4: 1 59 64 67
5: 1 60 65 66
6: 32 40 45 55
7: 33 38 43 49
8: 38 42 44 53
9: 34 39 48 50
10: 39 47 51 54
11: 40 41 42 46
12: 41 43 51 52
13: 30 44 45 51
14: 27 29 31 54
15: 28 35 52 53
16: 19 48 52 55
17: 18 36 47 55
18: 17 37 50 53
19: 16 46 49 54
20: 31 42 48 61
21: 27 28 30 59
22: 33 35 47 63
23: 27 41 50 63
24: 31 35 45 66
25: 34 36 44 67
26: 28 36 49 61
27: 14 21 23 56
28: 15 21 26 57
29: 14 33 40 67
30: 13 21 37 60
31: 14 20 24 58
32: 6 34 43 65
33: 7 22 29 60
34: 9 25 32 62
35: 15 22 24 62
36: 17 25 26 66
37: 18 30 46 58
38: 7 8 39 56
39: 9 10 38 57
40: 6 11 29 57
41: 11 12 23 66
42: 8 11 20 59
43: 7 12 32 58
44: 8 13 25 63
45: 6 13 24 64
46: 11 19 37 62
47: 10 17 22 59
48: 9 16 20 60
49: 7 19 26 64
50: 9 18 23 64
51: 10 12 13 61
52: 12 15 16 67
53: 8 15 18 65
54: 10 14 19 65
55: 6 16 17 56
56: 2 27 38 55
57: 3 28 39 40
58: 3 31 37 43
59: 4 21 42 47
60: 5 30 33 48
61: 2 20 26 51
62: 2 34 35 46
63: 3 22 23 44
64: 4 45 49 50
65: 5 32 53 54
66: 5 24 36 41
67: 4 25 29 52

