1: 2 3 4 5 6
2: 1 15 21 24 25
3: 1 18 23 26 30
4: 1 17 19 22 28
5: 1 16 20 27 29
6: 1 11 12 13 14
7: 8 15 23 27 28
8: 7 19 25 29 30
9: 10 17 20 21 26
10: 9 16 18 22 24
11: 6 15 18 19 20
12: 6 21 22 23 29
13: 6 17 24 27 30
14: 6 16 25 26 28
15: 2 7 11 16 17
16: 5 10 14 15 30
17: 4 9 13 15 29
18: 3 10 11 28 29
19: 4 8 11 24 26
20: 5 9 11 23 25
21: 2 9 12 28 30
22: 4 10 12 25 27
23: 3 7 12 20 24
24: 2 10 13 19 23
25: 2 8 14 20 22
26: 3 9 14 19 27
27: 5 7 13 22 26
28: 4 7 14 18 21
29: 5 8 12 17 18
30: 3 8 13 16 21

