1: 2 3 4 5 6
2: 1 14 17 18 28
3: 1 15 21 22 27
4: 1 11 19 23 29
5: 1 12 20 24 30
6: 1 13 16 25 26
7: 19 22 25 28 30
8: 20 21 26 28 29
9: 18 23 26 27 30
10: 17 24 25 27 29
11: 4 16 17 21 30
12: 5 16 18 22 29
13: 6 15 23 24 28
14: 2 15 16 19 20
15: 3 13 14 29 30
16: 6 11 12 14 27
17: 2 10 11 22 26
18: 2 9 12 21 25
19: 4 7 14 24 26
20: 5 8 14 23 25
21: 3 8 11 18 24
22: 3 7 12 17 23
23: 4 9 13 20 22
24: 5 10 13 19 21
25: 6 7 10 18 20
26: 6 8 9 17 19
27: 3 9 10 16 28
28: 2 7 8 13 27
29: 4 8 10 12 15
30: 5 7 9 11 15

