1: 2 3 4 5 6
2: 1 11 22 23 24
3: 1 18 28 29 30
4: 1 14 17 19 26
5: 1 13 16 21 25
6: 1 12 15 20 27
7: 11 15 16 17 18
8: 12 19 22 25 28
9: 13 20 24 26 30
10: 14 21 23 27 29
11: 2 7 12 13 14
12: 6 8 11 26 29
13: 5 9 11 27 28
14: 4 10 11 25 30
15: 6 7 21 24 28
16: 5 7 19 23 30
17: 4 7 20 22 29
18: 3 7 25 26 27
19: 4 8 16 24 27
20: 6 9 17 23 25
21: 5 10 15 22 26
22: 2 8 17 21 30
23: 2 10 16 20 28
24: 2 9 15 19 29
25: 5 8 14 18 20
26: 4 9 12 18 21
27: 6 10 13 18 19
28: 3 8 13 15 23
29: 3 10 12 17 24
30: 3 9 14 16 22

