1: 2 3 4 5 6
2: 1 11 22 23 28
3: 1 12 17 26 30
4: 1 13 16 27 29
5: 1 14 19 21 24
6: 1 15 18 20 25
7: 16 18 21 28 30
8: 17 19 20 28 29
9: 10 23 24 26 29
10: 9 22 25 27 30
11: 2 20 21 26 27
12: 3 15 24 27 28
13: 4 14 25 26 28
14: 5 13 15 23 30
15: 6 12 14 22 29
16: 4 7 17 22 24
17: 3 8 16 23 25
18: 6 7 19 23 27
19: 5 8 18 22 26
20: 6 8 11 24 30
21: 5 7 11 25 29
22: 2 10 15 16 19
23: 2 9 14 17 18
24: 5 9 12 16 20
25: 6 10 13 17 21
26: 3 9 11 13 19
27: 4 10 11 12 18
28: 2 7 8 12 13
29: 4 8 9 15 21
30: 3 7 10 14 20

