1: 2 3 4 5 6 7
2: 1 17 18 23 33 34
3: 1 13 14 30 39 40
4: 1 20 22 25 29 35
5: 1 19 21 24 28 36
6: 1 11 16 27 31 38
7: 1 12 15 26 32 37
8: 23 26 27 28 29 30
9: 24 31 33 35 37 39
10: 25 32 34 36 38 40
11: 6 19 22 23 37 40
12: 7 20 21 23 38 39
13: 3 15 18 24 29 38
14: 3 16 17 25 28 37
15: 7 13 19 25 27 33
16: 6 14 20 24 26 34
17: 2 14 21 27 32 35
18: 2 13 22 26 31 36
19: 5 11 15 30 34 35
20: 4 12 16 30 33 36
21: 5 12 17 29 31 40
22: 4 11 18 28 32 39
23: 2 8 11 12 24 25
24: 5 9 13 16 23 32
25: 4 10 14 15 23 31
26: 7 8 16 18 35 40
27: 6 8 15 17 36 39
28: 5 8 14 22 33 38
29: 4 8 13 21 34 37
30: 3 8 19 20 31 32
31: 6 9 18 21 25 30
32: 7 10 17 22 24 30
33: 2 9 15 20 28 40
34: 2 10 16 19 29 39
35: 4 9 17 19 26 38
36: 5 10 18 20 27 37
37: 7 9 11 14 29 36
38: 6 10 12 13 28 35
39: 3 9 12 22 27 34
40: 3 10 11 21 26 33

