1: 2 3 4 5 6 7 8
2: 1 49 50 51 52 53 54
3: 1 58 61 69 73 83 86
4: 1 59 62 67 71 84 88
5: 1 57 64 70 74 85 89
6: 1 60 63 68 72 87 90
7: 1 56 66 76 80 81 82
8: 1 55 65 75 77 78 79
9: 49 70 72 79 81 83 84
10: 49 67 69 77 80 89 90
11: 49 71 73 76 78 85 87
12: 49 68 74 75 82 86 88
13: 50 62 63 77 82 83 85
14: 50 59 60 76 79 86 89
15: 50 61 64 75 80 84 87
16: 50 57 58 78 81 88 90
17: 52 60 65 71 74 80 83
18: 54 61 66 67 68 79 85
19: 53 58 65 67 70 82 87
20: 54 64 65 69 72 76 88
21: 51 63 66 69 74 78 84
22: 53 57 66 71 72 77 86
23: 52 59 66 70 73 75 90
24: 51 62 65 68 73 81 89
25: 53 56 59 64 68 78 83
26: 52 55 63 64 67 81 86
27: 52 56 57 62 69 79 87
28: 51 56 60 61 70 77 88
29: 54 56 58 63 71 75 89
30: 53 55 61 62 74 76 90
31: 54 55 57 60 73 82 84
32: 51 55 58 59 72 80 85
33: 48 49 57 59 61 63 65
34: 47 49 58 60 62 64 66
35: 48 55 66 83 87 88 89
36: 47 56 65 84 85 86 90
37: 47 51 57 67 75 76 83
38: 48 52 58 68 76 77 84
39: 48 53 60 69 75 81 85
40: 48 51 64 71 79 82 90
41: 47 52 61 72 78 82 89
42: 48 54 62 70 78 80 86
43: 47 53 63 73 79 80 88
44: 47 54 59 74 77 81 87
45: 48 50 56 67 72 73 74
46: 47 50 55 68 69 70 71
47: 34 36 37 41 43 44 46
48: 33 35 38 39 40 42 45
49: 2 9 10 11 12 33 34
50: 2 13 14 15 16 45 46
51: 2 21 24 28 32 37 40
52: 2 17 23 26 27 38 41
53: 2 19 22 25 30 39 43
54: 2 18 20 29 31 42 44
55: 8 26 30 31 32 35 46
56: 7 25 27 28 29 36 45
57: 5 16 22 27 31 33 37
58: 3 16 19 29 32 34 38
59: 4 14 23 25 32 33 44
60: 6 14 17 28 31 34 39
61: 3 15 18 28 30 33 41
62: 4 13 24 27 30 34 42
63: 6 13 21 26 29 33 43
64: 5 15 20 25 26 34 40
65: 8 17 19 20 24 33 36
66: 7 18 21 22 23 34 35
67: 4 10 18 19 26 37 45
68: 6 12 18 24 25 38 46
69: 3 10 20 21 27 39 46
70: 5 9 19 23 28 42 46
71: 4 11 17 22 29 40 46
72: 6 9 20 22 32 41 45
73: 3 11 23 24 31 43 45
74: 5 12 17 21 30 44 45
75: 8 12 15 23 29 37 39
76: 7 11 14 20 30 37 38
77: 8 10 13 22 28 38 44
78: 8 11 16 21 25 41 42
79: 8 9 14 18 27 40 43
80: 7 10 15 17 32 42 43
81: 7 9 16 24 26 39 44
82: 7 12 13 19 31 40 41
83: 3 9 13 17 25 35 37
84: 4 9 15 21 31 36 38
85: 5 11 13 18 32 36 39
86: 3 12 14 22 26 36 42
87: 6 11 15 19 27 35 44
88: 4 12 16 20 28 35 43
89: 5 10 14 24 29 35 41
90: 6 10 16 23 30 36 40

